<?xml version="1.0" encoding="utf-8"?><testsuites name="pytest tests"><testsuite name="pytest" errors="0" failures="0" skipped="0" tests="21" time="6.609" timestamp="2026-04-27T04:11:06.718534+00:00" hostname="agent-env-1bd77720-d8cb-4527-b6de-5944358e0f72"><testcase classname="tests.test_catalog_billing" name="test_login_tenant_admin" time="0.504" /><testcase classname="tests.test_catalog_billing" name="test_login_superadmin" time="0.471" /><testcase classname="tests.test_catalog_billing" name="test_catalog_list_empty_or_existing" time="0.379" /><testcase classname="tests.test_catalog_billing" name="test_catalog_create_product" time="0.437" /><testcase classname="tests.test_catalog_billing" name="test_catalog_categories" time="1.751" /><testcase classname="tests.test_catalog_billing" name="test_catalog_filter_by_category" time="0.100" /><testcase classname="tests.test_catalog_billing" name="test_catalog_update_product" time="0.166" /><testcase classname="tests.test_catalog_billing" name="test_catalog_update_not_found" time="0.524" /><testcase classname="tests.test_catalog_billing" name="test_catalog_delete_product" time="0.627" /><testcase classname="tests.test_catalog_billing" name="test_catalog_requires_auth" time="0.087" /><testcase classname="tests.test_catalog_billing" name="test_catalog_send_when_wa_not_configured" time="0.099" /><testcase classname="tests.test_catalog_billing" name="test_catalog_send_full_catalog_no_wa" time="0.094" /><testcase classname="tests.test_catalog_billing" name="test_tenant_isolation_responses_only_own_tenant" time="0.083" /><testcase classname="tests.test_catalog_billing" name="test_tenant_isolation_via_db" time="0.350" /><testcase classname="tests.test_catalog_billing" name="test_generic_flow_detects_catalog_keywords" time="0.001" /><testcase classname="tests.test_catalog_billing" name="test_generic_flow_has_catalog_handlers" time="0.000" /><testcase classname="tests.test_catalog_billing" name="test_generic_flow_product_id_prefix_logic" time="0.003" /><testcase classname="tests.test_catalog_billing" name="test_overage_requires_superadmin" time="0.111" /><testcase classname="tests.test_catalog_billing" name="test_overage_superadmin_no_stripe_graceful" time="0.430" /><testcase classname="tests.test_catalog_billing" name="test_overage_specific_tenant_no_stripe" time="0.127" /><testcase classname="tests.test_catalog_billing" name="test_zz_cleanup" time="0.187" /></testsuite></testsuites>