<?xml version="1.0" encoding="utf-8"?><testsuites name="pytest tests"><testsuite name="pytest" errors="0" failures="0" skipped="0" tests="29" time="4.626" timestamp="2026-04-27T23:26:03.225894+00:00" hostname="agent-env-1bd77720-d8cb-4527-b6de-5944358e0f72"><testcase classname="tests.test_catalog_billing" name="test_login_tenant_admin" time="0.613" /><testcase classname="tests.test_catalog_billing" name="test_login_superadmin" time="0.302" /><testcase classname="tests.test_catalog_billing" name="test_catalog_create_returns_product_id" time="0.381" /><testcase classname="tests.test_catalog_billing" name="test_catalog_get_includes_product_id" time="0.191" /><testcase classname="tests.test_catalog_billing" name="test_catalog_backfill_legacy_product" time="0.103" /><testcase classname="tests.test_catalog_billing" name="test_catalog_update_by_product_id" time="0.186" /><testcase classname="tests.test_catalog_billing" name="test_catalog_update_bad_uuid_returns_404" time="0.100" /><testcase classname="tests.test_catalog_billing" name="test_catalog_delete_by_product_id" time="0.261" /><testcase classname="tests.test_catalog_billing" name="test_catalog_delete_bad_uuid_returns_404" time="0.084" /><testcase classname="tests.test_catalog_billing" name="test_catalog_send_blocks_cross_tenant_phone" time="0.095" /><testcase classname="tests.test_catalog_billing" name="test_catalog_send_allows_own_tenant_phone" time="0.102" /><testcase classname="tests.test_catalog_billing" name="test_catalog_send_allows_unknown_phone" time="0.097" /><testcase classname="tests.test_catalog_billing" name="test_catalog_categories" time="0.085" /><testcase classname="tests.test_catalog_billing" name="test_catalog_filter_by_category" time="0.082" /><testcase classname="tests.test_catalog_billing" name="test_catalog_requires_auth" time="0.074" /><testcase classname="tests.test_catalog_billing" name="test_tenant_isolation_responses_only_own_tenant" time="0.097" /><testcase classname="tests.test_catalog_billing" name="test_billing_plans_public" time="0.087" /><testcase classname="tests.test_catalog_billing" name="test_billing_get_info_admin" time="0.085" /><testcase classname="tests.test_catalog_billing" name="test_billing_transactions_admin" time="0.088" /><testcase classname="tests.test_catalog_billing" name="test_billing_subscribe_requires_plan_id" time="0.088" /><testcase classname="tests.test_catalog_billing" name="test_billing_cancel_graceful" time="0.080" /><testcase classname="tests.test_catalog_billing" name="test_webhook_stripe_endpoint_exists" time="0.099" /><testcase classname="tests.test_catalog_billing" name="test_non_moved_endpoints_still_work" time="0.453" /><testcase classname="tests.test_catalog_billing" name="test_overage_requires_superadmin" time="0.095" /><testcase classname="tests.test_catalog_billing" name="test_overage_superadmin_no_stripe_graceful" time="0.416" /><testcase classname="tests.test_catalog_billing" name="test_overage_specific_tenant_no_stripe" time="0.076" /><testcase classname="tests.test_catalog_billing" name="test_scheduler_has_bill_monthly_overage" time="0.066" /><testcase classname="tests.test_catalog_billing" name="test_scheduler_accepts_payment_service" time="0.000" /><testcase classname="tests.test_catalog_billing" name="test_zz_cleanup" time="0.003" /></testsuite></testsuites>