<?xml version="1.0" encoding="utf-8"?><testsuites name="pytest tests"><testsuite name="pytest" errors="0" failures="0" skipped="0" tests="18" time="22.035" timestamp="2026-02-10T03:54:42.662243+00:00" hostname="agent-env-3b2919d8-8f38-42a7-9ddd-c61b25043e16"><testcase classname="tests.test_inmobot_features.TestHealthCheck" name="test_api_root" time="0.504" /><testcase classname="tests.test_inmobot_features.TestAdminAuthentication" name="test_admin_login_success" time="2.594" /><testcase classname="tests.test_inmobot_features.TestAdminAuthentication" name="test_login_invalid_credentials" time="0.876" /><testcase classname="tests.test_inmobot_features.TestAdminAuthentication" name="test_auth_me_with_token" time="1.865" /><testcase classname="tests.test_inmobot_features.TestKanbanAPI" name="test_kanban_endpoint_returns_structured_data" time="1.528" /><testcase classname="tests.test_inmobot_features.TestKanbanAPI" name="test_kanban_requires_authentication" time="0.446" /><testcase classname="tests.test_inmobot_features.TestDashboardMetrics" name="test_leads_stats_summary" time="2.041" /><testcase classname="tests.test_inmobot_features.TestDashboardMetrics" name="test_leads_by_day" time="1.027" /><testcase classname="tests.test_inmobot_features.TestDashboardMetrics" name="test_leads_by_status" time="0.573" /><testcase classname="tests.test_inmobot_features.TestDashboardMetrics" name="test_conversion_funnel" time="1.152" /><testcase classname="tests.test_inmobot_features.TestPDFReports" name="test_pdf_report_generation" time="2.559" /><testcase classname="tests.test_inmobot_features.TestPDFReports" name="test_pdf_report_requires_admin" time="0.447" /><testcase classname="tests.test_inmobot_features.TestROICalculator" name="test_roi_calculator_default_values" time="1.256" /><testcase classname="tests.test_inmobot_features.TestROICalculator" name="test_roi_calculator_custom_values" time="1.559" /><testcase classname="tests.test_inmobot_features.TestROICalculator" name="test_roi_calculator_requires_admin" time="0.460" /><testcase classname="tests.test_inmobot_features.TestLeadsEndpoints" name="test_get_all_leads" time="0.990" /><testcase classname="tests.test_inmobot_features.TestLeadsEndpoints" name="test_leads_by_intent" time="0.554" /><testcase classname="tests.test_inmobot_features.TestLeadStatusUpdate" name="test_update_lead_status_endpoint_exists" time="1.534" /></testsuite></testsuites>