<?xml version="1.0" encoding="utf-8"?><testsuites name="pytest tests"><testsuite name="pytest" errors="0" failures="0" skipped="0" tests="10" time="1.162" timestamp="2026-04-29T15:54:49.540302+00:00" hostname="agent-env-1bd77720-d8cb-4527-b6de-5944358e0f72"><testcase classname="tests.test_iter22_retention_emails.TestEffectivenessCommissionSummary" name="test_endpoint_returns_commission_summary" time="0.560" /><testcase classname="tests.test_iter22_retention_emails.TestEffectivenessCommissionSummary" name="test_commission_summary_reflects_seeded_data" time="0.219" /><testcase classname="tests.test_iter22_retention_emails.TestNewCommissionEmailTrigger" name="test_email_called_on_first_commission" time="0.091" /><testcase classname="tests.test_iter22_retention_emails.TestNewCommissionEmailTrigger" name="test_email_not_called_when_smtp_not_configured" time="0.013" /><testcase classname="tests.test_iter22_retention_emails.TestTrialEndingHelpers" name="test_trial_days_left_active_returns_none" time="0.148" /><testcase classname="tests.test_iter22_retention_emails.TestTrialEndingHelpers" name="test_trial_days_left_within_trial" time="0.000" /><testcase classname="tests.test_iter22_retention_emails.TestTrialEndingHelpers" name="test_trial_days_left_expired_returns_zero" time="0.000" /><testcase classname="tests.test_iter22_retention_emails.TestTrialEndingNudge" name="test_nudge_created_for_tenant_in_warning_window" time="0.012" /><testcase classname="tests.test_iter22_retention_emails.TestTrialEndingNudge" name="test_no_nudge_for_active_subscription" time="0.012" /><testcase classname="tests.test_iter22_retention_emails.TestEmailServiceSignatures" name="test_email_service_has_new_methods" time="0.000" /></testsuite></testsuites>