<?xml version="1.0" encoding="utf-8"?><testsuites name="pytest tests"><testsuite name="pytest" errors="0" failures="0" skipped="0" tests="24" time="5.271" timestamp="2026-04-30T02:16:27.804535+00:00" hostname="agent-env-1bd77720-d8cb-4527-b6de-5944358e0f72"><testcase classname="tests.test_iter27_welcome_bcrypt_locust" name="test_bcrypt_version_pinned_to_4_0_x" time="0.000" /><testcase classname="tests.test_iter27_welcome_bcrypt_locust" name="test_bcrypt_has_about_attribute" time="0.000" /><testcase classname="tests.test_iter27_welcome_bcrypt_locust" name="test_send_welcome_tenant_skipped_when_smtp_not_configured" time="0.001" /><testcase classname="tests.test_iter27_welcome_bcrypt_locust" name="test_send_welcome_tenant_skipped_when_no_email" time="0.001" /><testcase classname="tests.test_iter27_welcome_bcrypt_locust" name="test_send_welcome_tenant_calls_send_email_with_correct_shape" time="0.001" /><testcase classname="tests.test_iter27_welcome_bcrypt_locust" name="test_welcome_tenant_uses_business_name_when_admin_name_missing" time="0.001" /><testcase classname="tests.test_iter27_welcome_bcrypt_locust" name="test_email_type_welcome_tenant_exists" time="0.000" /><testcase classname="tests.test_iter27_welcome_bcrypt_locust" name="test_locustfile_exists_and_imports" time="0.001" /><testcase classname="tests.test_iter26_structured_logging" name="test_health_basic_shape" time="0.311" /><testcase classname="tests.test_iter26_structured_logging" name="test_health_detailed_includes_latency" time="0.302" /><testcase classname="tests.test_iter26_structured_logging" name="test_health_ping_lightweight" time="0.080" /><testcase classname="tests.test_iter26_structured_logging" name="test_health_returns_xrequestid_header" time="0.282" /><testcase classname="tests.test_iter26_structured_logging" name="test_request_id_is_respected_when_provided" time="0.092" /><testcase classname="tests.test_iter26_structured_logging" name="test_request_id_truncated_when_too_long" time="0.080" /><testcase classname="tests.test_iter26_structured_logging" name="test_health_endpoints_not_rate_limited" time="4.010" /><testcase classname="tests.test_iter26_structured_logging" name="test_json_formatter_basic_fields" time="0.000" /><testcase classname="tests.test_iter26_structured_logging" name="test_json_formatter_includes_extras" time="0.000" /><testcase classname="tests.test_iter26_structured_logging" name="test_json_formatter_serializes_unjsonable_extra_as_str" time="0.000" /><testcase classname="tests.test_iter26_structured_logging" name="test_json_formatter_includes_exc_when_exception" time="0.001" /><testcase classname="tests.test_iter26_structured_logging" name="test_json_formatter_includes_request_id_from_contextvar" time="0.000" /><testcase classname="tests.test_iter26_structured_logging" name="test_json_formatter_no_request_id_when_unset" time="0.000" /><testcase classname="tests.test_iter26_structured_logging" name="test_setup_logging_idempotent" time="0.000" /><testcase classname="tests.test_iter26_structured_logging" name="test_setup_logging_text_mode_when_env_set" time="0.000" /><testcase classname="tests.test_iter26_structured_logging" name="test_get_request_id_helper" time="0.000" /></testsuite></testsuites>