<?xml version="1.0" encoding="utf-8"?><testsuites name="pytest tests"><testsuite name="pytest" errors="0" failures="1" skipped="0" tests="14" time="4.027" timestamp="2026-04-28T15:59:19.752715+00:00" hostname="agent-env-1bd77720-d8cb-4527-b6de-5944358e0f72"><testcase classname="backend.tests.test_iter12_ai_bot_config.TestAIEditInfo" name="test_info_requires_auth" time="0.142" /><testcase classname="backend.tests.test_iter12_ai_bot_config.TestAIEditInfo" name="test_info_returns_metadata" time="0.393" /><testcase classname="backend.tests.test_iter12_ai_bot_config.TestAIEditValidation" name="test_no_auth_returns_401_or_403" time="0.118" /><testcase classname="backend.tests.test_iter12_ai_bot_config.TestAIEditValidation" name="test_empty_instruction_returns_400" time="0.083" /><testcase classname="backend.tests.test_iter12_ai_bot_config.TestAIEditValidation" name="test_missing_instruction_returns_400" time="0.074" /><testcase classname="backend.tests.test_iter12_ai_bot_config.TestAIEditValidation" name="test_instruction_too_long_returns_400" time="0.148" /><testcase classname="backend.tests.test_iter12_ai_bot_config.TestAIEditValidation" name="test_instruction_500_chars_passes_size_check" time="0.091" /><testcase classname="backend.tests.test_iter12_ai_bot_config.TestAIEditNoOpenAIKey" name="test_valid_request_returns_503_when_no_openai_key" time="0.099" /><testcase classname="backend.tests.test_iter12_ai_bot_config.TestAIEditRateLimit" name="test_rate_limit_kicks_in" time="1.127"><failure message="AssertionError: esperaba un 429 en 12 reqs, got: [503, 503, 503, 503, 503, 503, 503, 503, 503, 503, 503, 503]&#10;assert 429 in [503, 503, 503, 503, 503, 503, ...]">backend/tests/test_iter12_ai_bot_config.py:146: in test_rate_limit_kicks_in
    assert 429 in statuses, f"esperaba un 429 en 12 reqs, got: {statuses}"
E   AssertionError: esperaba un 429 en 12 reqs, got: [503, 503, 503, 503, 503, 503, 503, 503, 503, 503, 503, 503]
E   assert 429 in [503, 503, 503, 503, 503, 503, ...]</failure></testcase><testcase classname="backend.tests.test_iter12_ai_bot_config.TestRouterRegistration" name="test_endpoints_registered_not_404" time="0.194" /><testcase classname="backend.tests.test_iter12_ai_bot_config.TestRouterRegistration" name="test_existing_config_endpoint_still_works" time="0.094" /><testcase classname="backend.tests.test_iter13_onboarding_concurrency" name="test_unique_index_tenants" time="0.007" /><testcase classname="backend.tests.test_iter13_onboarding_concurrency" name="test_concurrent_onboarding_same_business" time="0.908" /><testcase classname="backend.tests.test_iter13_onboarding_concurrency" name="test_duplicate_email_is_409" time="0.354" /></testsuite></testsuites>