<?xml version="1.0" encoding="utf-8"?><testsuites name="pytest tests"><testsuite name="pytest" errors="0" failures="0" skipped="0" tests="21" time="2.538" timestamp="2026-04-28T01:56:17.036809+00:00" hostname="agent-env-1bd77720-d8cb-4527-b6de-5944358e0f72"><testcase classname="backend.tests.test_iter5_recommend_public_metrics" name="test_recommend_auth_returns_structure" time="0.646" /><testcase classname="backend.tests.test_iter5_recommend_public_metrics" name="test_recommend_auth_query_required" time="0.082" /><testcase classname="backend.tests.test_iter5_recommend_public_metrics" name="test_recommend_no_auth_unauthorized" time="0.083" /><testcase classname="backend.tests.test_iter5_recommend_public_metrics" name="test_public_recommend_no_auth" time="0.107" /><testcase classname="backend.tests.test_iter5_recommend_public_metrics" name="test_public_recommend_404_invalid_tenant" time="0.099" /><testcase classname="backend.tests.test_iter5_recommend_public_metrics" name="test_public_recommend_query_required" time="0.100" /><testcase classname="backend.tests.test_iter5_recommend_public_metrics" name="test_public_catalog_get" time="0.079" /><testcase classname="backend.tests.test_iter5_recommend_public_metrics" name="test_public_catalog_404" time="0.088" /><testcase classname="backend.tests.test_iter5_recommend_public_metrics" name="test_public_catalog_no_auth_required" time="0.096" /><testcase classname="backend.tests.test_iter5_recommend_public_metrics" name="test_backfill_product_id" time="0.106" /><testcase classname="backend.tests.test_iter5_recommend_public_metrics" name="test_metrics_leads_by_day" time="0.087" /><testcase classname="backend.tests.test_iter5_recommend_public_metrics" name="test_metrics_leads_by_status" time="0.076" /><testcase classname="backend.tests.test_iter5_recommend_public_metrics" name="test_metrics_leads_by_intent" time="0.091" /><testcase classname="backend.tests.test_iter5_recommend_public_metrics" name="test_metrics_conversion_funnel" time="0.086" /><testcase classname="backend.tests.test_iter5_recommend_public_metrics" name="test_metrics_messages" time="0.081" /><testcase classname="backend.tests.test_iter5_recommend_public_metrics" name="test_metrics_no_auth" time="0.072" /><testcase classname="backend.tests.test_iter5_recommend_public_metrics" name="test_regression_catalog_get_with_product_id" time="0.080" /><testcase classname="backend.tests.test_iter5_recommend_public_metrics" name="test_regression_catalog_create_returns_product_id" time="0.078" /><testcase classname="backend.tests.test_iter5_recommend_public_metrics" name="test_regression_billing_plans" time="0.079" /><testcase classname="backend.tests.test_iter5_recommend_public_metrics" name="test_regression_billing_status" time="0.090" /><testcase classname="backend.tests.test_iter5_recommend_public_metrics" name="test_regression_leads_endpoint" time="0.093" /></testsuite></testsuites>