<?xml version="1.0" encoding="utf-8"?><testsuites name="pytest tests"><testsuite name="pytest" errors="0" failures="0" skipped="0" tests="20" time="3.224" timestamp="2026-04-28T14:34:56.298588+00:00" hostname="agent-env-1bd77720-d8cb-4527-b6de-5944358e0f72"><testcase classname="tests.test_iter10_branding_validation_ai.TestBrandingValidation" name="test_invalid_primary_color_no_hex" time="0.484" /><testcase classname="tests.test_iter10_branding_validation_ai.TestBrandingValidation" name="test_invalid_primary_color_no_hash" time="0.085" /><testcase classname="tests.test_iter10_branding_validation_ai.TestBrandingValidation" name="test_invalid_logo_url_xss" time="0.092" /><testcase classname="tests.test_iter10_branding_validation_ai.TestBrandingValidation" name="test_invalid_template_id" time="0.092" /><testcase classname="tests.test_iter10_branding_validation_ai.TestBrandingValidation" name="test_custom_features_not_list" time="0.153" /><testcase classname="tests.test_iter10_branding_validation_ai.TestBrandingValidation" name="test_custom_features_max_5" time="0.098" /><testcase classname="tests.test_iter10_branding_validation_ai.TestBrandingValidation" name="test_valid_hex_and_json_ok" time="0.087" /><testcase classname="tests.test_iter10_branding_validation_ai.TestAuditLog" name="test_rejected_fields_returned_and_logged" time="0.101" /><testcase classname="tests.test_iter10_branding_validation_ai.TestAuditLog" name="test_audit_log_persisted_in_mongo" time="0.112" /><testcase classname="tests.test_iter10_branding_validation_ai.TestWhatsappDisplayPhone" name="test_set_whatsapp_display_phone" time="0.113" /><testcase classname="tests.test_iter10_branding_validation_ai.TestWhatsappDisplayPhone" name="test_public_catalog_returns_separate_fields" time="0.101" /><testcase classname="tests.test_iter10_branding_validation_ai.TestAICopyGenerator" name="test_ai_generate_no_description" time="0.087" /><testcase classname="tests.test_iter10_branding_validation_ai.TestAICopyGenerator" name="test_ai_generate_description_too_long" time="0.093" /><testcase classname="tests.test_iter10_branding_validation_ai.TestAICopyGenerator" name="test_ai_generate_fallback_no_llm" time="0.090" /><testcase classname="tests.test_iter10_branding_validation_ai.TestAICopyGenerator" name="test_ai_generate_asesor_403" time="0.534" /><testcase classname="tests.test_iter10_branding_validation_ai.TestAICopyGenerator" name="test_ai_generate_unauth" time="0.087" /><testcase classname="tests.test_iter10_branding_validation_ai.TestRegression" name="test_login_admin" time="0.321" /><testcase classname="tests.test_iter10_branding_validation_ai.TestRegression" name="test_get_branding" time="0.154" /><testcase classname="tests.test_iter10_branding_validation_ai.TestRegression" name="test_public_catalog_basic" time="0.109" /><testcase classname="tests.test_iter10_branding_validation_ai.TestRegression" name="test_leads_endpoint" time="0.083" /></testsuite></testsuites>