<?xml version="1.0" encoding="utf-8"?><testsuites name="pytest tests"><testsuite name="pytest" errors="0" failures="0" skipped="0" tests="6" time="6.955" timestamp="2026-05-04T01:06:09.223388+00:00" hostname="agent-env-1bd77720-d8cb-4527-b6de-5944358e0f72"><testcase classname="tests.test_iter50_endpoint_live" name="test_availability_no_auth_returns_401" time="3.162" /><testcase classname="tests.test_iter50_endpoint_live" name="test_availability_missing_start_iso_returns_400" time="2.786" /><testcase classname="tests.test_iter50_endpoint_live" name="test_availability_invalid_start_iso_returns_400" time="0.085" /><testcase classname="tests.test_iter50_endpoint_live" name="test_availability_disconnected_tenant_returns_connected_false" time="0.294" /><testcase classname="tests.test_iter50_endpoint_live" name="test_availability_response_time_under_500ms_when_disconnected" time="0.284" /><testcase classname="tests.test_iter50_endpoint_live" name="test_availability_with_z_suffix_iso" time="0.301" /></testsuite></testsuites>