<?xml version="1.0" encoding="utf-8"?><testsuites name="pytest tests"><testsuite name="pytest" errors="0" failures="0" skipped="1" tests="36" time="10.417" timestamp="2026-04-28T17:28:10.812073+00:00" hostname="agent-env-1bd77720-d8cb-4527-b6de-5944358e0f72"><testcase classname="tests.test_iter12_ai_bot_config.TestAIEditInfo" name="test_info_requires_auth" time="0.292" /><testcase classname="tests.test_iter12_ai_bot_config.TestAIEditInfo" name="test_info_returns_metadata" time="0.475" /><testcase classname="tests.test_iter12_ai_bot_config.TestAIEditValidation" name="test_no_auth_returns_401_or_403" time="0.204" /><testcase classname="tests.test_iter12_ai_bot_config.TestAIEditValidation" name="test_empty_instruction_returns_400" time="0.096" /><testcase classname="tests.test_iter12_ai_bot_config.TestAIEditValidation" name="test_missing_instruction_returns_400" time="0.111" /><testcase classname="tests.test_iter12_ai_bot_config.TestAIEditValidation" name="test_instruction_too_long_returns_400" time="0.116" /><testcase classname="tests.test_iter12_ai_bot_config.TestAIEditValidation" name="test_instruction_500_chars_passes_size_check" time="0.081" /><testcase classname="tests.test_iter12_ai_bot_config.TestAIEditNoOpenAIKey" name="test_valid_request_returns_503_when_no_openai_key" time="0.271" /><testcase classname="tests.test_iter12_ai_bot_config.TestAIEditRateLimit" name="test_rate_limit_kicks_in" time="0.098"><skipped type="pytest.skip" message="Sin OPENAI_API_KEY el rate-limit no se ejercita (503 antes de check_rate_limit)">/app/backend/tests/test_iter12_ai_bot_config.py:142: Sin OPENAI_API_KEY el rate-limit no se ejercita (503 antes de check_rate_limit)</skipped></testcase><testcase classname="tests.test_iter12_ai_bot_config.TestRouterRegistration" name="test_endpoints_registered_not_404" time="0.245" /><testcase classname="tests.test_iter12_ai_bot_config.TestRouterRegistration" name="test_existing_config_endpoint_still_works" time="0.107" /><testcase classname="tests.test_iter13_onboarding_concurrency" name="test_unique_index_tenants" time="0.009" /><testcase classname="tests.test_iter13_onboarding_concurrency" name="test_concurrent_onboarding_same_business" time="0.931" /><testcase classname="tests.test_iter13_onboarding_concurrency" name="test_duplicate_email_is_409" time="0.588" /><testcase classname="tests.test_iter14_ai_flow_assistant.TestFlowAIInfo" name="test_info_requires_auth" time="0.081" /><testcase classname="tests.test_iter14_ai_flow_assistant.TestFlowAIInfo" name="test_info_returns_metadata" time="0.417" /><testcase classname="tests.test_iter14_ai_flow_assistant.TestFlowAIValidation" name="test_no_auth_returns_401_or_403" time="0.096" /><testcase classname="tests.test_iter14_ai_flow_assistant.TestFlowAIValidation" name="test_empty_instruction_returns_400" time="0.116" /><testcase classname="tests.test_iter14_ai_flow_assistant.TestFlowAIValidation" name="test_long_instruction_returns_400" time="0.084" /><testcase classname="tests.test_iter14_ai_flow_assistant.TestFlowAIValidation" name="test_no_openai_key_returns_503_without_consuming_slot" time="1.130" /><testcase classname="tests.test_iter14_ai_flow_assistant.TestFlowAIApply" name="test_invalid_confirmed_ops_returns_400" time="0.125" /><testcase classname="tests.test_iter14_ai_flow_assistant.TestFlowAIApply" name="test_apply_update_welcome_persists" time="0.209" /><testcase classname="tests.test_iter14_ai_flow_assistant.TestFlowAIApply" name="test_apply_add_step_persists" time="0.172" /><testcase classname="tests.test_iter14_ai_flow_assistant.TestBrandingSubscription" name="test_branding_includes_subscription" time="0.100" /><testcase classname="tests.test_iter14_ai_flow_assistant.TestBotConfigAINoSlotConsume" name="test_503_does_not_consume_rate_limit" time="1.053" /><testcase classname="tests.test_iter14_ai_flow_assistant.TestRouterRegistration" name="test_flow_ai_endpoints_registered" time="0.201" /><testcase classname="tests.test_iter15_coach_cache.TestCoachRun" name="test_run_creates_at_least_whatsapp_nudge" time="0.404" /><testcase classname="tests.test_iter15_coach_cache.TestCoachRun" name="test_run_idempotent_second_call_creates_zero" time="0.095" /><testcase classname="tests.test_iter15_coach_cache.TestCoachRun" name="test_get_nudges_includes_whatsapp_unconfigured" time="0.114" /><testcase classname="tests.test_iter15_coach_cache.TestCoachRun" name="test_dismiss_then_recreate_on_run" time="0.473" /><testcase classname="tests.test_iter15_coach_cache.TestCoachRun" name="test_dismiss_nonexistent_returns_404" time="0.108" /><testcase classname="tests.test_iter15_coach_cache.TestCoachRun" name="test_dismiss_already_dismissed_returns_404" time="0.280" /><testcase classname="tests.test_iter15_coach_cache.TestCacheUtil" name="test_ttl_expiration" time="1.201" /><testcase classname="tests.test_iter15_coach_cache.TestCacheUtil" name="test_ttl_invalidate" time="0.000" /><testcase classname="tests.test_iter15_coach_cache.TestFlowAITruncate" name="test_max_ops_preview_is_20" time="0.199" /><testcase classname="tests.test_iter15_coach_cache.TestRoutesDoc" name="test_routes_md_documents_branding" time="0.001" /></testsuite></testsuites>