<?xml version="1.0" encoding="utf-8"?><testsuites name="pytest tests"><testsuite name="pytest" errors="0" failures="0" skipped="0" tests="11" time="0.196" timestamp="2026-05-04T01:05:29.595993+00:00" hostname="agent-env-1bd77720-d8cb-4527-b6de-5944358e0f72"><testcase classname="tests.test_iter50_availability" name="test_is_slot_busy_detects_overlap" time="0.000" /><testcase classname="tests.test_iter50_availability" name="test_is_slot_busy_free_when_adjacent_not_overlapping" time="0.000" /><testcase classname="tests.test_iter50_availability" name="test_is_slot_busy_ignores_transparent_events" time="0.000" /><testcase classname="tests.test_iter50_availability" name="test_is_slot_busy_empty_events" time="0.000" /><testcase classname="tests.test_iter50_availability" name="test_parse_event_datetime_handles_all_day_events" time="0.000" /><testcase classname="tests.test_iter50_availability" name="test_find_alternative_slots_returns_empty_when_no_alternatives_in_window" time="0.001" /><testcase classname="tests.test_iter50_availability" name="test_find_alternative_slots_proposes_3_nearby_free_slots" time="0.000" /><testcase classname="tests.test_iter50_availability" name="test_find_alternative_slots_respects_business_hours" time="0.000" /><testcase classname="tests.test_iter50_availability" name="test_find_alternative_slots_skips_sundays" time="0.000" /><testcase classname="tests.test_iter50_availability" name="test_find_alternative_slots_prefers_same_day_closer_hours" time="0.000" /><testcase classname="tests.test_iter50_availability" name="test_find_alternative_slots_respects_max_alternatives" time="0.000" /></testsuite></testsuites>