<?xml version="1.0" encoding="utf-8"?><testsuites name="pytest tests"><testsuite name="pytest" errors="0" failures="0" skipped="3" tests="18" time="8.658" timestamp="2026-05-03T15:24:54.997877+00:00" hostname="agent-env-1bd77720-d8cb-4527-b6de-5944358e0f72"><testcase classname="tests.test_iter42_business_profile.TestBusinessProfileEndpoint" name="test_get_returns_structure" time="5.596" /><testcase classname="tests.test_iter42_business_profile.TestBusinessProfileEndpoint" name="test_put_upsert_and_whitelist" time="0.406" /><testcase classname="tests.test_iter42_business_profile.TestBusinessProfileEndpoint" name="test_get_after_put_returns_exists_true" time="0.214" /><testcase classname="tests.test_iter42_business_profile.TestBusinessProfileEndpoint" name="test_superadmin_forbidden_on_demo_tenant" time="0.641" /><testcase classname="tests.test_iter42_business_profile.TestBusinessProfileEndpoint" name="test_unauthenticated_forbidden" time="0.004" /><testcase classname="tests.test_iter42_business_profile.TestBuildBusinessContextText" name="test_empty_profile_returns_empty" time="0.000" /><testcase classname="tests.test_iter42_business_profile.TestBuildBusinessContextText" name="test_includes_identity_and_payments" time="0.000" /><testcase classname="tests.test_iter42_business_profile.TestLLMFunctions" name="test_detect_sentiment_frustrated" time="0.160"><skipped type="pytest.skip" message="OPENAI_API_KEY not configured">/app/backend/tests/test_iter42_business_profile.py:118: OPENAI_API_KEY not configured</skipped></testcase><testcase classname="tests.test_iter42_business_profile.TestLLMFunctions" name="test_detect_sentiment_positive" time="0.001"><skipped type="pytest.skip" message="OPENAI_API_KEY not configured">/app/backend/tests/test_iter42_business_profile.py:129: OPENAI_API_KEY not configured</skipped></testcase><testcase classname="tests.test_iter42_business_profile.TestLLMFunctions" name="test_detect_sentiment_no_client_returns_normal" time="0.001" /><testcase classname="tests.test_iter42_business_profile.TestLLMFunctions" name="test_explain_substitute_no_client" time="0.001" /><testcase classname="tests.test_iter42_business_profile.TestLLMFunctions" name="test_explain_substitute_returns_string" time="0.001"><skipped type="pytest.skip" message="OPENAI_API_KEY not configured">/app/backend/tests/test_iter42_business_profile.py:153: OPENAI_API_KEY not configured</skipped></testcase><testcase classname="tests.test_iter42_business_profile.TestBuildSubstituteMessageAsync" name="test_llm_none_falls_back_to_sync" time="0.085" /><testcase classname="tests.test_iter42_business_profile.TestBuildSubstituteMessageAsync" name="test_empty_substitutes" time="0.001" /><testcase classname="tests.test_iter42_business_profile.TestRegression" name="test_whatsapp_config_get" time="0.202" /><testcase classname="tests.test_iter42_business_profile.TestRegression" name="test_whatsapp_test_endpoint" time="0.403" /><testcase classname="tests.test_iter42_business_profile.TestRegression" name="test_leads_export" time="0.202" /><testcase classname="tests.test_iter42_business_profile.TestRegression" name="test_superadmin_wa_health_check" time="0.640" /></testsuite></testsuites>