<?xml version="1.0" encoding="utf-8"?><testsuites name="pytest tests"><testsuite name="pytest" errors="0" failures="0" skipped="0" tests="19" time="2.882" timestamp="2026-05-04T00:07:59.534164+00:00" hostname="agent-env-1bd77720-d8cb-4527-b6de-5944358e0f72"><testcase classname="tests.test_iter45_embeddings" name="test_embedding_service_loads_model" time="1.162" /><testcase classname="tests.test_iter45_embeddings" name="test_embedding_empty_input_returns_none" time="0.001" /><testcase classname="tests.test_iter45_embeddings" name="test_embed_batch_preserves_order_and_handles_empty" time="0.028" /><testcase classname="tests.test_iter45_embeddings" name="test_cosine_similarity_paraphrase_higher_than_unrelated" time="0.098" /><testcase classname="tests.test_iter45_embeddings" name="test_cosine_edge_cases" time="0.000" /><testcase classname="tests.test_iter45_embeddings" name="test_save_learned_response_includes_embedding" time="0.005" /><testcase classname="tests.test_iter45_embeddings" name="test_find_learned_answer_uses_embedding_for_paraphrase" time="0.097" /><testcase classname="tests.test_iter45_embeddings" name="test_find_learned_answer_no_match_for_unrelated" time="0.006" /><testcase classname="tests.test_iter45_embeddings" name="test_backfill_embeddings" time="0.094" /><testcase classname="tests.test_iter45_embeddings" name="test_find_agent_suggestions_combines_learned_and_history" time="0.100" /><testcase classname="tests.test_iter45_embeddings" name="test_coaching_recommends_teach_when_demand_and_not_yet_taught" time="0.204" /><testcase classname="tests.test_iter45_embeddings" name="test_coaching_already_taught_when_learned_response_matches" time="0.097" /><testcase classname="tests.test_iter45_embeddings" name="test_coaching_not_enough_when_low_demand" time="0.095" /><testcase classname="tests.test_iter45_embeddings" name="test_coaching_excludes_current_lead" time="0.097" /><testcase classname="tests.test_iter45_embeddings" name="test_discover_clusters_uncovered_questions_by_topic" time="0.201" /><testcase classname="tests.test_iter45_embeddings" name="test_discover_excludes_already_taught_topics" time="0.108" /><testcase classname="tests.test_iter45_embeddings" name="test_discover_empty_when_no_conversations" time="0.091" /><testcase classname="tests.test_iter45_embeddings" name="test_discover_respects_min_cluster_size" time="0.097" /><testcase classname="tests.test_iter45_embeddings" name="test_discover_detects_rising_trend" time="0.205" /></testsuite></testsuites>