<?xml version="1.0" encoding="utf-8"?><testsuites name="pytest tests"><testsuite name="pytest" errors="0" failures="0" skipped="0" tests="6" time="10.217" timestamp="2026-05-03T23:18:10.165378+00:00" hostname="agent-env-1bd77720-d8cb-4527-b6de-5944358e0f72"><testcase classname="tests.test_iter46_coaching_live" name="test_coaching_empty_question" time="5.678" /><testcase classname="tests.test_iter46_coaching_live" name="test_coaching_pets_question_recommends_teach" time="1.950" /><testcase classname="tests.test_iter46_coaching_live" name="test_coaching_already_taught_palermo_price" time="0.770" /><testcase classname="tests.test_iter46_coaching_live" name="test_coaching_unrelated_question_not_enough" time="0.495" /><testcase classname="tests.test_iter46_coaching_live" name="test_agent_suggestions_regression" time="0.733" /><testcase classname="tests.test_iter46_coaching_live" name="test_bot_learning_save_regression" time="0.546" /></testsuite></testsuites>