<?xml version="1.0" encoding="utf-8"?><testsuites name="pytest tests"><testsuite name="pytest" errors="0" failures="0" skipped="1" tests="26" time="6.928" timestamp="2026-04-28T15:59:53.579396+00:00" hostname="agent-env-1bd77720-d8cb-4527-b6de-5944358e0f72"><testcase classname="backend.tests.test_iter12_ai_bot_config.TestAIEditInfo" name="test_info_requires_auth" time="0.130" /><testcase classname="backend.tests.test_iter12_ai_bot_config.TestAIEditInfo" name="test_info_returns_metadata" time="0.417" /><testcase classname="backend.tests.test_iter12_ai_bot_config.TestAIEditValidation" name="test_no_auth_returns_401_or_403" time="0.103" /><testcase classname="backend.tests.test_iter12_ai_bot_config.TestAIEditValidation" name="test_empty_instruction_returns_400" time="0.090" /><testcase classname="backend.tests.test_iter12_ai_bot_config.TestAIEditValidation" name="test_missing_instruction_returns_400" time="0.074" /><testcase classname="backend.tests.test_iter12_ai_bot_config.TestAIEditValidation" name="test_instruction_too_long_returns_400" time="0.103" /><testcase classname="backend.tests.test_iter12_ai_bot_config.TestAIEditValidation" name="test_instruction_500_chars_passes_size_check" time="0.126" /><testcase classname="backend.tests.test_iter12_ai_bot_config.TestAIEditNoOpenAIKey" name="test_valid_request_returns_503_when_no_openai_key" time="0.085" /><testcase classname="backend.tests.test_iter12_ai_bot_config.TestAIEditRateLimit" name="test_rate_limit_kicks_in" time="0.087"><skipped type="pytest.skip" message="Sin OPENAI_API_KEY el rate-limit no se ejercita (503 antes de check_rate_limit)">/app/backend/tests/test_iter12_ai_bot_config.py:142: Sin OPENAI_API_KEY el rate-limit no se ejercita (503 antes de check_rate_limit)</skipped></testcase><testcase classname="backend.tests.test_iter12_ai_bot_config.TestRouterRegistration" name="test_endpoints_registered_not_404" time="0.163" /><testcase classname="backend.tests.test_iter12_ai_bot_config.TestRouterRegistration" name="test_existing_config_endpoint_still_works" time="0.085" /><testcase classname="backend.tests.test_iter13_onboarding_concurrency" name="test_unique_index_tenants" time="0.007" /><testcase classname="backend.tests.test_iter13_onboarding_concurrency" name="test_concurrent_onboarding_same_business" time="1.137" /><testcase classname="backend.tests.test_iter13_onboarding_concurrency" name="test_duplicate_email_is_409" time="0.467" /><testcase classname="backend.tests.test_iter14_ai_flow_assistant.TestFlowAIInfo" name="test_info_requires_auth" time="0.080" /><testcase classname="backend.tests.test_iter14_ai_flow_assistant.TestFlowAIInfo" name="test_info_returns_metadata" time="0.431" /><testcase classname="backend.tests.test_iter14_ai_flow_assistant.TestFlowAIValidation" name="test_no_auth_returns_401_or_403" time="0.105" /><testcase classname="backend.tests.test_iter14_ai_flow_assistant.TestFlowAIValidation" name="test_empty_instruction_returns_400" time="0.087" /><testcase classname="backend.tests.test_iter14_ai_flow_assistant.TestFlowAIValidation" name="test_long_instruction_returns_400" time="0.074" /><testcase classname="backend.tests.test_iter14_ai_flow_assistant.TestFlowAIValidation" name="test_no_openai_key_returns_503_without_consuming_slot" time="1.088" /><testcase classname="backend.tests.test_iter14_ai_flow_assistant.TestFlowAIApply" name="test_invalid_confirmed_ops_returns_400" time="0.078" /><testcase classname="backend.tests.test_iter14_ai_flow_assistant.TestFlowAIApply" name="test_apply_update_welcome_persists" time="0.217" /><testcase classname="backend.tests.test_iter14_ai_flow_assistant.TestFlowAIApply" name="test_apply_add_step_persists" time="0.201" /><testcase classname="backend.tests.test_iter14_ai_flow_assistant.TestBrandingSubscription" name="test_branding_includes_subscription" time="0.091" /><testcase classname="backend.tests.test_iter14_ai_flow_assistant.TestBotConfigAINoSlotConsume" name="test_503_does_not_consume_rate_limit" time="1.035" /><testcase classname="backend.tests.test_iter14_ai_flow_assistant.TestRouterRegistration" name="test_flow_ai_endpoints_registered" time="0.175" /></testsuite></testsuites>