<?xml version="1.0" encoding="utf-8"?><testsuites name="pytest tests"><testsuite name="pytest" errors="0" failures="0" skipped="0" tests="17" time="2.386" timestamp="2026-04-29T19:05:43.575260+00:00" hostname="agent-env-1bd77720-d8cb-4527-b6de-5944358e0f72"><testcase classname="tests.test_iter25_ai_summary.TestFeaturesShowcaseEndpoint" name="test_no_auth_blocked" time="0.282" /><testcase classname="tests.test_iter25_ai_summary.TestFeaturesShowcaseEndpoint" name="test_returns_active_and_available" time="0.581" /><testcase classname="tests.test_iter25_ai_summary.TestFeaturesShowcaseEndpoint" name="test_active_feature_appears_in_active" time="0.543" /><testcase classname="tests.test_iter25_ai_summary.TestAILeadSummaryEndpoint" name="test_no_auth_blocked" time="0.176" /><testcase classname="tests.test_iter25_ai_summary.TestAILeadSummaryEndpoint" name="test_feature_disabled_returns_403" time="0.079" /><testcase classname="tests.test_iter25_ai_summary.TestAILeadSummaryEndpoint" name="test_feature_enabled_lead_not_found_404" time="0.203" /><testcase classname="tests.test_iter25_ai_summary.TestAILeadSummaryEndpoint" name="test_full_flow_with_mocked_llm" time="0.268" /><testcase classname="tests.test_iter25_ai_summary.TestAILeadSummaryEndpoint" name="test_force_regenerates" time="0.060" /><testcase classname="tests.test_iter25_ai_summary.TestSummaryServiceUnits" name="test_format_history_handles_empty" time="0.003" /><testcase classname="tests.test_iter25_ai_summary.TestSummaryServiceUnits" name="test_format_history_truncates" time="0.003" /><testcase classname="tests.test_iter25_ai_summary.TestSummaryServiceUnits" name="test_is_summary_fresh_no_cache" time="0.003" /><testcase classname="tests.test_iter25_ai_summary.TestSummaryServiceUnits" name="test_is_summary_fresh_expired" time="0.003" /><testcase classname="tests.test_iter25_ai_summary.TestSummaryServiceUnits" name="test_is_summary_fresh_history_changed" time="0.003" /><testcase classname="tests.test_iter25_ai_summary.TestSummaryServiceUnits" name="test_is_summary_fresh_valid" time="0.003" /><testcase classname="tests.test_iter25_ai_summary.TestSummaryServiceUnits" name="test_generate_returns_none_for_unknown_lead" time="0.007" /><testcase classname="tests.test_iter25_ai_summary.TestSummaryServiceUnits" name="test_sanitization_clamps_urgency" time="0.034" /><testcase classname="tests.test_iter25_ai_summary.TestSummaryServiceUnits" name="test_handles_markdown_wrapped_json" time="0.035" /></testsuite></testsuites>