<?xml version="1.0" encoding="utf-8"?><testsuites name="pytest tests"><testsuite name="pytest" errors="0" failures="0" skipped="0" tests="11" time="3.295" timestamp="2026-04-28T03:06:42.745409+00:00" hostname="agent-env-1bd77720-d8cb-4527-b6de-5944358e0f72"><testcase classname="backend.tests.test_iter9_branding.TestGetBranding" name="test_returns_branding_shape" time="0.753" /><testcase classname="backend.tests.test_iter9_branding.TestGetBranding" name="test_custom_features_and_steps_are_lists" time="0.100" /><testcase classname="backend.tests.test_iter9_branding.TestGetBranding" name="test_unauth_returns_401" time="0.076" /><testcase classname="backend.tests.test_iter9_branding.TestPutBranding" name="test_whitelist_accepted_and_persisted" time="0.162" /><testcase classname="backend.tests.test_iter9_branding.TestPutBranding" name="test_whitelist_rejects_unsafe_fields" time="0.283" /><testcase classname="backend.tests.test_iter9_branding.TestPutBranding" name="test_empty_body_returns_400" time="0.079" /><testcase classname="backend.tests.test_iter9_branding.TestPutBranding" name="test_only_invalid_fields_returns_400" time="0.086" /><testcase classname="backend.tests.test_iter9_branding.TestPutBranding" name="test_unauth_put_returns_401" time="0.102" /><testcase classname="backend.tests.test_iter9_branding.TestPutBranding" name="test_asesor_forbidden" time="0.774" /><testcase classname="backend.tests.test_iter9_branding.TestPublicCatalogBrandingFields" name="test_public_catalog_exposes_new_fields" time="0.152" /><testcase classname="backend.tests.test_iter9_branding.TestTenantIsolation" name="test_put_only_affects_own_tenant" time="0.679" /></testsuite></testsuites>