<?xml version="1.0" encoding="utf-8"?><testsuites name="pytest tests"><testsuite name="pytest" errors="0" failures="0" skipped="0" tests="16" time="29.314" timestamp="2026-05-02T15:18:43.719212+00:00" hostname="agent-env-1bd77720-d8cb-4527-b6de-5944358e0f72"><testcase classname="tests.test_iter34_quickwins.TestOnboarding" name="test_status_returns_boolean" time="9.349" /><testcase classname="tests.test_iter34_quickwins.TestOnboarding" name="test_complete_sets_flag" time="2.545" /><testcase classname="tests.test_iter34_quickwins.TestOnboarding" name="test_onboarding_requires_auth" time="0.084" /><testcase classname="tests.test_iter34_quickwins.TestUpsellUTM" name="test_upsell_run_ok" time="0.496" /><testcase classname="tests.test_iter34_quickwins.TestUpsellUTM" name="test_upsell_history_ok" time="1.267" /><testcase classname="tests.test_iter34_quickwins.TestUpsellUTM" name="test_send_upsell_unmet_demand_accepts_tenant_id_kwarg" time="0.057" /><testcase classname="tests.test_iter34_quickwins.TestUpsellUTM" name="test_upsell_email_contains_utm_links" time="0.000" /><testcase classname="tests.test_iter34_quickwins.TestWaitlistAdminAlert" name="test_maybe_alert_threshold_and_idempotency" time="7.344" /><testcase classname="tests.test_iter34_quickwins.TestResetDemoData" name="test_requires_confirm" time="0.117" /><testcase classname="tests.test_iter34_quickwins.TestResetDemoData" name="test_unknown_tenant_returns_404" time="0.316" /><testcase classname="tests.test_iter34_quickwins.TestResetDemoData" name="test_non_superadmin_forbidden" time="0.130" /><testcase classname="tests.test_iter34_quickwins.TestResetDemoData" name="test_reset_real_tenant_returns_counts" time="1.245" /><testcase classname="tests.test_iter34_quickwins.TestResetDemoData" name="test_reset_with_include_leads" time="1.517" /><testcase classname="tests.test_iter34_quickwins.TestRegression" name="test_admin_report_run" time="3.995" /><testcase classname="tests.test_iter34_quickwins.TestRegression" name="test_unmet_demand" time="0.699" /><testcase classname="tests.test_iter34_quickwins.TestRegression" name="test_public_demand_detected" time="0.095" /></testsuite></testsuites>