<?xml version="1.0" encoding="utf-8"?><testsuites name="pytest tests"><testsuite name="pytest" errors="0" failures="0" skipped="0" tests="34" time="3.242" timestamp="2026-04-29T16:15:22.560001+00:00" hostname="agent-env-1bd77720-d8cb-4527-b6de-5944358e0f72"><testcase classname="tests.test_iter21_commissions.TestAntiFraud" name="test_same_email_blocked" time="0.018" /><testcase classname="tests.test_iter21_commissions.TestAntiFraud" name="test_corporate_domain_blocked" time="0.013" /><testcase classname="tests.test_iter21_commissions.TestAntiFraud" name="test_same_ip_24h_blocked" time="0.009" /><testcase classname="tests.test_iter21_commissions.TestCommissionLifecycle" name="test_create_on_first_payment_when_referred" time="0.014" /><testcase classname="tests.test_iter21_commissions.TestCommissionLifecycle" name="test_no_commission_if_not_referred" time="0.008" /><testcase classname="tests.test_iter21_commissions.TestActiveCreditCalc" name="test_credit_capped_to_plan_price" time="0.017" /><testcase classname="tests.test_iter21_commissions.TestActiveCreditCalc" name="test_credit_below_cap_not_capped" time="0.010" /><testcase classname="tests.test_iter21_commissions.TestActiveCreditCalc" name="test_expired_commissions_auto_marked" time="0.014" /><testcase classname="tests.test_iter21_commissions.TestCommissionCancellation" name="test_cancel_when_referred_cancels" time="0.010" /><testcase classname="tests.test_iter21_commissions.TestCommissionsSummaryEndpoint" name="test_endpoint_requires_admin" time="0.150" /><testcase classname="tests.test_iter21_commissions.TestCommissionsSummaryEndpoint" name="test_summary_response_shape" time="0.426" /><testcase classname="tests.test_iter21_commissions.TestCommissionsSummaryEndpoint" name="test_summary_includes_seeded_commission" time="0.125" /><testcase classname="tests.test_iter22_retention_emails.TestEffectivenessCommissionSummary" name="test_endpoint_returns_commission_summary" time="0.405" /><testcase classname="tests.test_iter22_retention_emails.TestEffectivenessCommissionSummary" name="test_commission_summary_reflects_seeded_data" time="0.137" /><testcase classname="tests.test_iter22_retention_emails.TestNewCommissionEmailTrigger" name="test_email_called_on_first_commission" time="0.074" /><testcase classname="tests.test_iter22_retention_emails.TestNewCommissionEmailTrigger" name="test_email_not_called_when_smtp_not_configured" time="0.012" /><testcase classname="tests.test_iter22_retention_emails.TestTrialEndingHelpers" name="test_trial_days_left_active_returns_none" time="0.173" /><testcase classname="tests.test_iter22_retention_emails.TestTrialEndingHelpers" name="test_trial_days_left_within_trial" time="0.000" /><testcase classname="tests.test_iter22_retention_emails.TestTrialEndingHelpers" name="test_trial_days_left_expired_returns_zero" time="0.000" /><testcase classname="tests.test_iter22_retention_emails.TestTrialEndingNudge" name="test_nudge_created_for_tenant_in_warning_window" time="0.012" /><testcase classname="tests.test_iter22_retention_emails.TestTrialEndingNudge" name="test_no_nudge_for_active_subscription" time="0.011" /><testcase classname="tests.test_iter22_retention_emails.TestEmailServiceSignatures" name="test_email_service_has_new_methods" time="0.000" /><testcase classname="tests.test_iter20_marketing_effectiveness.TestEffectivenessAuth" name="test_no_auth_returns_401_or_403" time="0.091" /><testcase classname="tests.test_iter20_marketing_effectiveness.TestEffectivenessStructure" name="test_default_structure" time="0.426" /><testcase classname="tests.test_iter20_marketing_effectiveness.TestEffectivenessStructure" name="test_funnel_rates_no_division_by_zero" time="0.095" /><testcase classname="tests.test_iter20_marketing_effectiveness.TestEffectivenessStructure" name="test_top_celebrations_fields" time="0.085" /><testcase classname="tests.test_iter20_marketing_effectiveness.TestEffectivenessStructure" name="test_timeseries_sorted_and_keys" time="0.099" /><testcase classname="tests.test_iter20_marketing_effectiveness.TestEffectivenessClamp" name="test_days_clamped_to_max_90" time="0.103" /><testcase classname="tests.test_iter20_marketing_effectiveness.TestEffectivenessClamp" name="test_days_clamped_to_min_1" time="0.104" /><testcase classname="tests.test_iter20_marketing_effectiveness.TestEffectivenessClamp" name="test_days_negative_clamped_to_min_1" time="0.094" /><testcase classname="tests.test_iter20_marketing_effectiveness.TestEffectivenessClamp" name="test_days_invalid_returns_422" time="0.087" /><testcase classname="tests.test_iter20_marketing_effectiveness.TestEffectivenessClamp" name="test_days_7_window" time="0.104" /><testcase classname="tests.test_iter20_marketing_effectiveness.TestEffectivenessConsistency" name="test_in_window_le_total" time="0.092" /><testcase classname="tests.test_iter20_marketing_effectiveness.TestEffectivenessConsistency" name="test_by_platform_sum_le_shares_total" time="0.097" /></testsuite></testsuites>