<?xml version="1.0" encoding="utf-8"?><testsuites name="pytest tests"><testsuite name="pytest" errors="0" failures="0" skipped="0" tests="12" time="1.145" timestamp="2026-04-29T15:37:54.376158+00:00" hostname="agent-env-1bd77720-d8cb-4527-b6de-5944358e0f72"><testcase classname="tests.test_iter21_commissions.TestAntiFraud" name="test_same_email_blocked" time="0.019" /><testcase classname="tests.test_iter21_commissions.TestAntiFraud" name="test_corporate_domain_blocked" time="0.012" /><testcase classname="tests.test_iter21_commissions.TestAntiFraud" name="test_same_ip_24h_blocked" time="0.009" /><testcase classname="tests.test_iter21_commissions.TestCommissionLifecycle" name="test_create_on_first_payment_when_referred" time="0.013" /><testcase classname="tests.test_iter21_commissions.TestCommissionLifecycle" name="test_no_commission_if_not_referred" time="0.007" /><testcase classname="tests.test_iter21_commissions.TestActiveCreditCalc" name="test_credit_capped_to_plan_price" time="0.016" /><testcase classname="tests.test_iter21_commissions.TestActiveCreditCalc" name="test_credit_below_cap_not_capped" time="0.010" /><testcase classname="tests.test_iter21_commissions.TestActiveCreditCalc" name="test_expired_commissions_auto_marked" time="0.012" /><testcase classname="tests.test_iter21_commissions.TestCommissionCancellation" name="test_cancel_when_referred_cancels" time="0.008" /><testcase classname="tests.test_iter21_commissions.TestCommissionsSummaryEndpoint" name="test_endpoint_requires_admin" time="0.383" /><testcase classname="tests.test_iter21_commissions.TestCommissionsSummaryEndpoint" name="test_summary_response_shape" time="0.428" /><testcase classname="tests.test_iter21_commissions.TestCommissionsSummaryEndpoint" name="test_summary_includes_seeded_commission" time="0.118" /></testsuite></testsuites>