<?xml version="1.0" encoding="utf-8"?><testsuites name="pytest tests"><testsuite name="pytest" errors="9" failures="0" skipped="1" tests="32" time="4.999" timestamp="2026-04-28T23:48:37.068953+00:00" hostname="agent-env-1bd77720-d8cb-4527-b6de-5944358e0f72"><testcase classname="backend.tests.test_iter12_ai_bot_config.TestAIEditInfo" name="test_info_requires_auth" time="0.111" /><testcase classname="backend.tests.test_iter12_ai_bot_config.TestAIEditInfo" name="test_info_returns_metadata" time="0.368" /><testcase classname="backend.tests.test_iter12_ai_bot_config.TestAIEditValidation" name="test_no_auth_returns_401_or_403" time="0.077" /><testcase classname="backend.tests.test_iter12_ai_bot_config.TestAIEditValidation" name="test_empty_instruction_returns_400" time="0.293" /><testcase classname="backend.tests.test_iter12_ai_bot_config.TestAIEditValidation" name="test_missing_instruction_returns_400" time="0.083" /><testcase classname="backend.tests.test_iter12_ai_bot_config.TestAIEditValidation" name="test_instruction_too_long_returns_400" time="0.077" /><testcase classname="backend.tests.test_iter12_ai_bot_config.TestAIEditValidation" name="test_instruction_500_chars_passes_size_check" time="0.093" /><testcase classname="backend.tests.test_iter12_ai_bot_config.TestAIEditNoOpenAIKey" name="test_valid_request_returns_503_when_no_openai_key" time="0.094" /><testcase classname="backend.tests.test_iter12_ai_bot_config.TestAIEditRateLimit" name="test_rate_limit_kicks_in" time="0.095"><skipped type="pytest.skip" message="Sin OPENAI_API_KEY el rate-limit no se ejercita (503 antes de check_rate_limit)">/app/backend/tests/test_iter12_ai_bot_config.py:142: Sin OPENAI_API_KEY el rate-limit no se ejercita (503 antes de check_rate_limit)</skipped></testcase><testcase classname="backend.tests.test_iter12_ai_bot_config.TestRouterRegistration" name="test_endpoints_registered_not_404" time="0.166" /><testcase classname="backend.tests.test_iter12_ai_bot_config.TestRouterRegistration" name="test_existing_config_endpoint_still_works" time="0.092" /><testcase classname="backend.tests.test_iter13_onboarding_concurrency" name="test_unique_index_tenants" time="0.008" /><testcase classname="backend.tests.test_iter13_onboarding_concurrency" name="test_concurrent_onboarding_same_business" time="0.916" /><testcase classname="backend.tests.test_iter13_onboarding_concurrency" name="test_duplicate_email_is_409" time="0.340" /><testcase classname="backend.tests.test_iter16_llm_mocked" name="test_bot_config_ai_preview_with_mocked_llm" time="0.000"><error message="failed on setup with &quot;ModuleNotFoundError: No module named 'server'&quot;">backend/tests/test_iter16_llm_mocked.py:30: in client
    from server import app  # noqa
    ^^^^^^^^^^^^^^^^^^^^^^
E   ModuleNotFoundError: No module named 'server'</error></testcase><testcase classname="backend.tests.test_iter16_llm_mocked" name="test_bot_config_ai_invalid_json_returns_502" time="0.000"><error message="failed on setup with &quot;ModuleNotFoundError: No module named 'server'&quot;">backend/tests/test_iter16_llm_mocked.py:30: in client
    from server import app  # noqa
    ^^^^^^^^^^^^^^^^^^^^^^
E   ModuleNotFoundError: No module named 'server'</error></testcase><testcase classname="backend.tests.test_iter16_llm_mocked" name="test_bot_config_ai_openai_5xx_returns_502" time="0.000"><error message="failed on setup with &quot;ModuleNotFoundError: No module named 'server'&quot;">backend/tests/test_iter16_llm_mocked.py:30: in client
    from server import app  # noqa
    ^^^^^^^^^^^^^^^^^^^^^^
E   ModuleNotFoundError: No module named 'server'</error></testcase><testcase classname="backend.tests.test_iter16_llm_mocked" name="test_bot_config_ai_invalid_field_goes_to_invalid_array" time="0.000"><error message="failed on setup with &quot;ModuleNotFoundError: No module named 'server'&quot;">backend/tests/test_iter16_llm_mocked.py:30: in client
    from server import app  # noqa
    ^^^^^^^^^^^^^^^^^^^^^^
E   ModuleNotFoundError: No module named 'server'</error></testcase><testcase classname="backend.tests.test_iter16_llm_mocked" name="test_bot_config_ai_rate_limit_kicks_in_at_11th" time="0.000"><error message="failed on setup with &quot;ModuleNotFoundError: No module named 'server'&quot;">backend/tests/test_iter16_llm_mocked.py:30: in client
    from server import app  # noqa
    ^^^^^^^^^^^^^^^^^^^^^^
E   ModuleNotFoundError: No module named 'server'</error></testcase><testcase classname="backend.tests.test_iter16_llm_mocked" name="test_flow_ai_preview_with_mocked_llm" time="0.000"><error message="failed on setup with &quot;ModuleNotFoundError: No module named 'server'&quot;">backend/tests/test_iter16_llm_mocked.py:30: in client
    from server import app  # noqa
    ^^^^^^^^^^^^^^^^^^^^^^
E   ModuleNotFoundError: No module named 'server'</error></testcase><testcase classname="backend.tests.test_iter16_llm_mocked" name="test_flow_ai_truncates_to_20_ops" time="0.000"><error message="failed on setup with &quot;ModuleNotFoundError: No module named 'server'&quot;">backend/tests/test_iter16_llm_mocked.py:30: in client
    from server import app  # noqa
    ^^^^^^^^^^^^^^^^^^^^^^
E   ModuleNotFoundError: No module named 'server'</error></testcase><testcase classname="backend.tests.test_iter16_llm_mocked" name="test_flow_ai_apply_path_does_not_call_llm" time="0.000"><error message="failed on setup with &quot;ModuleNotFoundError: No module named 'server'&quot;">backend/tests/test_iter16_llm_mocked.py:30: in client
    from server import app  # noqa
    ^^^^^^^^^^^^^^^^^^^^^^
E   ModuleNotFoundError: No module named 'server'</error></testcase><testcase classname="backend.tests.test_iter16_llm_mocked" name="test_bot_config_apply_path_does_not_call_llm" time="0.000"><error message="failed on setup with &quot;ModuleNotFoundError: No module named 'server'&quot;">backend/tests/test_iter16_llm_mocked.py:30: in client
    from server import app  # noqa
    ^^^^^^^^^^^^^^^^^^^^^^
E   ModuleNotFoundError: No module named 'server'</error></testcase><testcase classname="backend.tests.test_iter17_lifespan_share" name="test_lifespan_no_on_event_warnings" time="0.001" /><testcase classname="backend.tests.test_iter17_lifespan_share" name="test_health" time="0.091" /><testcase classname="backend.tests.test_iter17_lifespan_share" name="test_run_coach_creates_nudge_with_bson_datetime" time="0.412" /><testcase classname="backend.tests.test_iter17_lifespan_share" name="test_celebrations_cache_ttl" time="0.297" /><testcase classname="backend.tests.test_iter17_lifespan_share" name="test_share_endpoint_basic" time="0.181" /><testcase classname="backend.tests.test_iter17_lifespan_share" name="test_share_endpoint_increments_counters" time="0.403" /><testcase classname="backend.tests.test_iter17_lifespan_share" name="test_share_endpoint_404" time="0.090" /><testcase classname="backend.tests.test_iter17_lifespan_share" name="test_share_endpoint_audit_log" time="0.157" /><testcase classname="backend.tests.test_iter17_lifespan_share" name="test_share_endpoint_platform_whitelist" time="0.189" /></testsuite></testsuites>