<?xml version="1.0" encoding="utf-8"?><testsuites name="pytest tests"><testsuite name="pytest" errors="0" failures="0" skipped="0" tests="11" time="2.662" timestamp="2026-04-28T15:32:03.472708+00:00" hostname="agent-env-1bd77720-d8cb-4527-b6de-5944358e0f72"><testcase classname="tests.test_iter12_ai_bot_config.TestAIEditInfo" name="test_info_requires_auth" time="0.288" /><testcase classname="tests.test_iter12_ai_bot_config.TestAIEditInfo" name="test_info_returns_metadata" time="0.540" /><testcase classname="tests.test_iter12_ai_bot_config.TestAIEditValidation" name="test_no_auth_returns_401_or_403" time="0.123" /><testcase classname="tests.test_iter12_ai_bot_config.TestAIEditValidation" name="test_empty_instruction_returns_400" time="0.095" /><testcase classname="tests.test_iter12_ai_bot_config.TestAIEditValidation" name="test_missing_instruction_returns_400" time="0.084" /><testcase classname="tests.test_iter12_ai_bot_config.TestAIEditValidation" name="test_instruction_too_long_returns_400" time="0.087" /><testcase classname="tests.test_iter12_ai_bot_config.TestAIEditValidation" name="test_instruction_500_chars_passes_size_check" time="0.107" /><testcase classname="tests.test_iter12_ai_bot_config.TestAIEditNoOpenAIKey" name="test_valid_request_returns_503_when_no_openai_key" time="0.110" /><testcase classname="tests.test_iter12_ai_bot_config.TestAIEditRateLimit" name="test_rate_limit_kicks_in" time="0.829" /><testcase classname="tests.test_iter12_ai_bot_config.TestRouterRegistration" name="test_endpoints_registered_not_404" time="0.222" /><testcase classname="tests.test_iter12_ai_bot_config.TestRouterRegistration" name="test_existing_config_endpoint_still_works" time="0.117" /></testsuite></testsuites>