<?xml version="1.0" encoding="utf-8"?><testsuites name="pytest tests"><testsuite name="pytest" errors="0" failures="0" skipped="0" tests="10" time="1.929" timestamp="2026-05-03T16:39:20.679382+00:00" hostname="agent-env-1bd77720-d8cb-4527-b6de-5944358e0f72"><testcase classname="tests.test_iter45_embeddings" name="test_embedding_service_loads_model" time="1.161" /><testcase classname="tests.test_iter45_embeddings" name="test_embedding_empty_input_returns_none" time="0.001" /><testcase classname="tests.test_iter45_embeddings" name="test_embed_batch_preserves_order_and_handles_empty" time="0.087" /><testcase classname="tests.test_iter45_embeddings" name="test_cosine_similarity_paraphrase_higher_than_unrelated" time="0.193" /><testcase classname="tests.test_iter45_embeddings" name="test_cosine_edge_cases" time="0.000" /><testcase classname="tests.test_iter45_embeddings" name="test_save_learned_response_includes_embedding" time="0.008" /><testcase classname="tests.test_iter45_embeddings" name="test_find_learned_answer_uses_embedding_for_paraphrase" time="0.063" /><testcase classname="tests.test_iter45_embeddings" name="test_find_learned_answer_no_match_for_unrelated" time="0.101" /><testcase classname="tests.test_iter45_embeddings" name="test_backfill_embeddings" time="0.059" /><testcase classname="tests.test_iter45_embeddings" name="test_find_agent_suggestions_combines_learned_and_history" time="0.098" /></testsuite></testsuites>