<?xml version="1.0" encoding="utf-8"?><testsuites name="pytest tests"><testsuite name="pytest" errors="0" failures="0" skipped="0" tests="9" time="2.726" timestamp="2026-04-28T17:27:59.798015+00:00" hostname="agent-env-1bd77720-d8cb-4527-b6de-5944358e0f72"><testcase classname="tests.test_iter16_llm_mocked" name="test_bot_config_ai_preview_with_mocked_llm" time="0.801" /><testcase classname="tests.test_iter16_llm_mocked" name="test_bot_config_ai_invalid_json_returns_502" time="0.029" /><testcase classname="tests.test_iter16_llm_mocked" name="test_bot_config_ai_openai_5xx_returns_502" time="1.332" /><testcase classname="tests.test_iter16_llm_mocked" name="test_bot_config_ai_invalid_field_goes_to_invalid_array" time="0.028" /><testcase classname="tests.test_iter16_llm_mocked" name="test_bot_config_ai_rate_limit_kicks_in_at_11th" time="0.292" /><testcase classname="tests.test_iter16_llm_mocked" name="test_flow_ai_preview_with_mocked_llm" time="0.028" /><testcase classname="tests.test_iter16_llm_mocked" name="test_flow_ai_truncates_to_20_ops" time="0.029" /><testcase classname="tests.test_iter16_llm_mocked" name="test_flow_ai_apply_path_does_not_call_llm" time="0.005" /><testcase classname="tests.test_iter16_llm_mocked" name="test_bot_config_apply_path_does_not_call_llm" time="0.005" /></testsuite></testsuites>