<?xml version="1.0" encoding="utf-8"?><testsuites name="pytest tests"><testsuite name="pytest" errors="0" failures="0" skipped="0" tests="16" time="43.965" timestamp="2026-05-02T19:13:21.475261+00:00" hostname="agent-env-1bd77720-d8cb-4527-b6de-5944358e0f72"><testcase classname="tests.test_iter35_seed_demo.TestSeedDemoData" name="test_seed_requires_superadmin" time="0.881" /><testcase classname="tests.test_iter35_seed_demo.TestSeedDemoData" name="test_seed_unknown_tenant_404" time="0.836" /><testcase classname="tests.test_iter35_seed_demo.TestSeedDemoData" name="test_seed_reset_then_seed_fresh" time="26.093" /><testcase classname="tests.test_iter35_seed_demo.TestSeedDemoData" name="test_seed_idempotent_without_force" time="0.734" /><testcase classname="tests.test_iter35_seed_demo.TestSeedDemoData" name="test_seed_with_force_adds_more" time="1.903" /><testcase classname="tests.test_iter35_seed_demo.TestResetDemoShape" name="test_reset_happy_path_partial_false" time="2.047" /><testcase classname="tests.test_iter35_seed_demo.TestResetDemoShape" name="test_reset_missing_confirm_400" time="0.205" /><testcase classname="tests.test_iter35_seed_demo.TestResetDemoShape" name="test_reset_unknown_tenant_404" time="0.284" /><testcase classname="tests.test_iter35_seed_demo.TestWaitlistAlertCooldown" name="test_cooldown_idempotent_within_day" time="6.001" /><testcase classname="tests.test_iter35_seed_demo.TestAppUrlWarning" name="test_upsell_logs_warning_when_app_url_missing" time="0.001" /><testcase classname="tests.test_iter35_seed_demo.TestAppUrlWarning" name="test_waitlist_alert_logs_warning_when_app_url_missing" time="0.001" /><testcase classname="tests.test_iter35_seed_demo.TestRegression" name="test_login_demo_200" time="0.747" /><testcase classname="tests.test_iter35_seed_demo.TestRegression" name="test_login_super_200" time="0.000" /><testcase classname="tests.test_iter35_seed_demo.TestRegression" name="test_onboarding_status" time="0.304" /><testcase classname="tests.test_iter35_seed_demo.TestRegression" name="test_upsell_run" time="0.487" /><testcase classname="tests.test_iter35_seed_demo.TestRegression" name="test_admin_report_run" time="3.393" /></testsuite></testsuites>