<?xml version="1.0" encoding="utf-8"?><testsuites name="pytest tests"><testsuite name="pytest" errors="0" failures="0" skipped="1" tests="10" time="12.293" timestamp="2026-05-03T23:57:48.511203+00:00" hostname="agent-env-1bd77720-d8cb-4527-b6de-5944358e0f72"><testcase classname="tests.test_iter47_coaching_dashboard.TestCoachingOpportunitiesDashboard" name="test_endpoint_returns_200_and_shape" time="6.380" /><testcase classname="tests.test_iter47_coaching_dashboard.TestCoachingOpportunitiesDashboard" name="test_cluster_shape" time="1.187" /><testcase classname="tests.test_iter47_coaching_dashboard.TestCoachingOpportunitiesDashboard" name="test_clusters_sorted_by_size_desc" time="0.894"><skipped type="pytest.skip" message="not enough clusters to validate ordering">/app/backend/tests/test_iter47_coaching_dashboard.py:75: not enough clusters to validate ordering</skipped></testcase><testcase classname="tests.test_iter47_coaching_dashboard.TestCoachingOpportunitiesDashboard" name="test_already_covered_excludes_learned" time="0.813" /><testcase classname="tests.test_iter47_coaching_dashboard.TestCoachingOpportunitiesDashboard" name="test_query_params_clamped" time="0.800" /><testcase classname="tests.test_iter47_coaching_dashboard.TestCoachingOpportunitiesDashboard" name="test_unauthenticated_blocked" time="0.174" /><testcase classname="tests.test_iter47_coaching_dashboard.TestStripeKeyInitialization" name="test_plans_endpoint_loads" time="0.100" /><testcase classname="tests.test_iter47_coaching_dashboard.TestRegressionIter45_46" name="test_bot_learning_list_works" time="0.331" /><testcase classname="tests.test_iter47_coaching_dashboard.TestRegressionIter45_46" name="test_agent_suggestions_endpoint" time="1.040" /><testcase classname="tests.test_iter47_coaching_dashboard.TestRegressionIter45_46" name="test_per_lead_coaching_opportunity" time="0.524" /></testsuite></testsuites>