<?xml version="1.0" encoding="utf-8"?><testsuites name="pytest tests"><testsuite name="pytest" errors="0" failures="1" skipped="0" tests="12" time="3.958" timestamp="2026-04-28T15:58:55.765344+00:00" hostname="agent-env-1bd77720-d8cb-4527-b6de-5944358e0f72"><testcase classname="backend.tests.test_iter14_ai_flow_assistant.TestFlowAIInfo" name="test_info_requires_auth" time="0.245" /><testcase classname="backend.tests.test_iter14_ai_flow_assistant.TestFlowAIInfo" name="test_info_returns_metadata" time="0.536" /><testcase classname="backend.tests.test_iter14_ai_flow_assistant.TestFlowAIValidation" name="test_no_auth_returns_401_or_403" time="0.079" /><testcase classname="backend.tests.test_iter14_ai_flow_assistant.TestFlowAIValidation" name="test_empty_instruction_returns_400" time="0.105" /><testcase classname="backend.tests.test_iter14_ai_flow_assistant.TestFlowAIValidation" name="test_long_instruction_returns_400" time="0.077" /><testcase classname="backend.tests.test_iter14_ai_flow_assistant.TestFlowAIValidation" name="test_no_openai_key_returns_503_without_consuming_slot" time="1.038" /><testcase classname="backend.tests.test_iter14_ai_flow_assistant.TestFlowAIApply" name="test_invalid_confirmed_ops_returns_400" time="0.090" /><testcase classname="backend.tests.test_iter14_ai_flow_assistant.TestFlowAIApply" name="test_apply_update_welcome_persists" time="0.211" /><testcase classname="backend.tests.test_iter14_ai_flow_assistant.TestFlowAIApply" name="test_apply_add_step_persists" time="0.194" /><testcase classname="backend.tests.test_iter14_ai_flow_assistant.TestBrandingSubscription" name="test_branding_includes_subscription" time="0.073"><failure message="AssertionError: {&quot;detail&quot;:&quot;Not Found&quot;}&#10;assert 404 == 200&#10; +  where 404 = &lt;Response [404]&gt;.status_code">backend/tests/test_iter14_ai_flow_assistant.py:179: in test_branding_includes_subscription
    assert r.status_code == 200, r.text
E   AssertionError: {"detail":"Not Found"}
E   assert 404 == 200
E    +  where 404 = &lt;Response [404]&gt;.status_code</failure></testcase><testcase classname="backend.tests.test_iter14_ai_flow_assistant.TestBotConfigAINoSlotConsume" name="test_503_does_not_consume_rate_limit" time="1.014" /><testcase classname="backend.tests.test_iter14_ai_flow_assistant.TestRouterRegistration" name="test_flow_ai_endpoints_registered" time="0.210" /></testsuite></testsuites>