<?xml version="1.0" encoding="utf-8"?><testsuites name="pytest tests"><testsuite name="pytest" errors="0" failures="0" skipped="0" tests="15" time="4.283" timestamp="2026-04-29T02:59:01.158694+00:00" hostname="agent-env-1bd77720-d8cb-4527-b6de-5944358e0f72"><testcase classname="tests.test_iter19_referral_loop.TestHtmlLeadForm" name="test_html_contains_lead_form_elements" time="0.553" /><testcase classname="tests.test_iter19_referral_loop.TestLeadCapture" name="test_capture_invalid_email_no_at" time="0.098" /><testcase classname="tests.test_iter19_referral_loop.TestLeadCapture" name="test_capture_email_too_long" time="0.088" /><testcase classname="tests.test_iter19_referral_loop.TestLeadCapture" name="test_capture_celebration_not_found" time="0.091" /><testcase classname="tests.test_iter19_referral_loop.TestLeadCapture" name="test_capture_valid_email_new" time="0.090" /><testcase classname="tests.test_iter19_referral_loop.TestLeadCapture" name="test_capture_idempotent_same_email" time="0.171" /><testcase classname="tests.test_iter19_referral_loop.TestLeadCapture" name="test_capture_already_registered_agent" time="0.079" /><testcase classname="tests.test_iter19_referral_loop.TestLeadCapture" name="test_lead_doc_persisted_correctly" time="0.144" /><testcase classname="tests.test_iter19_referral_loop.TestReferralStatsCounter" name="test_stats_leads_increments" time="1.602" /><testcase classname="tests.test_iter19_referral_loop.TestOnboardingRefAttribution" name="test_ref_valid_persists_and_converts_lead" time="0.397" /><testcase classname="tests.test_iter19_referral_loop.TestOnboardingRefAttribution" name="test_ref_invalid_silently_ignored" time="0.327" /><testcase classname="tests.test_iter19_referral_loop.TestOnboardingRefAttribution" name="test_ref_inactive_not_persisted" time="0.302" /><testcase classname="tests.test_iter19_referral_loop.TestReferralStatsEndpoint" name="test_referral_stats_structure" time="0.091" /><testcase classname="tests.test_iter19_referral_loop.TestReferralStatsEndpoint" name="test_conversion_rate_math" time="0.096" /><testcase classname="tests.test_iter19_referral_loop.TestReferralStatsEndpoint" name="test_referral_stats_requires_admin" time="0.091" /></testsuite></testsuites>