<?xml version="1.0" encoding="utf-8"?><testsuites name="pytest tests"><testsuite name="pytest" errors="0" failures="0" skipped="0" tests="48" time="11.105" timestamp="2026-04-29T15:38:04.266543+00:00" hostname="agent-env-1bd77720-d8cb-4527-b6de-5944358e0f72"><testcase classname="tests.test_iter17_lifespan_share" name="test_lifespan_no_on_event_warnings" time="0.005" /><testcase classname="tests.test_iter17_lifespan_share" name="test_health" time="0.106" /><testcase classname="tests.test_iter17_lifespan_share" name="test_run_coach_creates_nudge_with_bson_datetime" time="0.408" /><testcase classname="tests.test_iter17_lifespan_share" name="test_celebrations_cache_ttl" time="0.209" /><testcase classname="tests.test_iter17_lifespan_share" name="test_share_endpoint_basic" time="0.193" /><testcase classname="tests.test_iter17_lifespan_share" name="test_share_endpoint_increments_counters" time="0.386" /><testcase classname="tests.test_iter17_lifespan_share" name="test_share_endpoint_404" time="0.134" /><testcase classname="tests.test_iter17_lifespan_share" name="test_share_endpoint_audit_log" time="0.178" /><testcase classname="tests.test_iter17_lifespan_share" name="test_share_endpoint_platform_whitelist" time="0.575" /><testcase classname="tests.test_iter18_public_share_og" name="test_png_returns_image_with_etag_and_cache" time="1.330" /><testcase classname="tests.test_iter18_public_share_og" name="test_png_no_auth_required" time="0.095" /><testcase classname="tests.test_iter18_public_share_og" name="test_png_etag_conditional_get_304" time="0.190" /><testcase classname="tests.test_iter18_public_share_og" name="test_png_cache_returns_same_etag" time="0.234" /><testcase classname="tests.test_iter18_public_share_og" name="test_png_404_for_missing_celebration" time="0.121" /><testcase classname="tests.test_iter18_public_share_og" name="test_png_increments_preview_views" time="0.220" /><testcase classname="tests.test_iter18_public_share_og" name="test_html_meta_tags_contain_og_and_twitter" time="0.092" /><testcase classname="tests.test_iter18_public_share_og" name="test_html_uses_x_forwarded_host" time="0.091" /><testcase classname="tests.test_iter18_public_share_og" name="test_html_no_emoji_in_title" time="0.098" /><testcase classname="tests.test_iter18_public_share_og" name="test_html_404_for_missing_celebration" time="0.089" /><testcase classname="tests.test_iter18_public_share_og" name="test_html_increments_html_views" time="0.269" /><testcase classname="tests.test_iter18_public_share_og" name="test_share_endpoint_returns_tenant_id_in_card_data" time="0.126" /><testcase classname="tests.test_iter19_referral_loop.TestHtmlLeadForm" name="test_html_contains_lead_form_elements" time="0.486" /><testcase classname="tests.test_iter19_referral_loop.TestLeadCapture" name="test_capture_invalid_email_no_at" time="0.085" /><testcase classname="tests.test_iter19_referral_loop.TestLeadCapture" name="test_capture_email_too_long" time="0.095" /><testcase classname="tests.test_iter19_referral_loop.TestLeadCapture" name="test_capture_celebration_not_found" time="0.084" /><testcase classname="tests.test_iter19_referral_loop.TestLeadCapture" name="test_capture_valid_email_new" time="0.119" /><testcase classname="tests.test_iter19_referral_loop.TestLeadCapture" name="test_capture_idempotent_same_email" time="0.170" /><testcase classname="tests.test_iter19_referral_loop.TestLeadCapture" name="test_capture_already_registered_agent" time="0.118" /><testcase classname="tests.test_iter19_referral_loop.TestLeadCapture" name="test_lead_doc_persisted_correctly" time="0.111" /><testcase classname="tests.test_iter19_referral_loop.TestReferralStatsCounter" name="test_stats_leads_increments" time="1.596" /><testcase classname="tests.test_iter19_referral_loop.TestOnboardingRefAttribution" name="test_ref_valid_persists_and_converts_lead" time="0.432" /><testcase classname="tests.test_iter19_referral_loop.TestOnboardingRefAttribution" name="test_ref_invalid_silently_ignored" time="0.334" /><testcase classname="tests.test_iter19_referral_loop.TestOnboardingRefAttribution" name="test_ref_inactive_not_persisted" time="0.331" /><testcase classname="tests.test_iter19_referral_loop.TestReferralStatsEndpoint" name="test_referral_stats_structure" time="0.095" /><testcase classname="tests.test_iter19_referral_loop.TestReferralStatsEndpoint" name="test_conversion_rate_math" time="0.077" /><testcase classname="tests.test_iter19_referral_loop.TestReferralStatsEndpoint" name="test_referral_stats_requires_admin" time="0.107" /><testcase classname="tests.test_iter20_marketing_effectiveness.TestEffectivenessAuth" name="test_no_auth_returns_401_or_403" time="0.090" /><testcase classname="tests.test_iter20_marketing_effectiveness.TestEffectivenessStructure" name="test_default_structure" time="0.488" /><testcase classname="tests.test_iter20_marketing_effectiveness.TestEffectivenessStructure" name="test_funnel_rates_no_division_by_zero" time="0.110" /><testcase classname="tests.test_iter20_marketing_effectiveness.TestEffectivenessStructure" name="test_top_celebrations_fields" time="0.113" /><testcase classname="tests.test_iter20_marketing_effectiveness.TestEffectivenessStructure" name="test_timeseries_sorted_and_keys" time="0.096" /><testcase classname="tests.test_iter20_marketing_effectiveness.TestEffectivenessClamp" name="test_days_clamped_to_max_90" time="0.100" /><testcase classname="tests.test_iter20_marketing_effectiveness.TestEffectivenessClamp" name="test_days_clamped_to_min_1" time="0.098" /><testcase classname="tests.test_iter20_marketing_effectiveness.TestEffectivenessClamp" name="test_days_negative_clamped_to_min_1" time="0.098" /><testcase classname="tests.test_iter20_marketing_effectiveness.TestEffectivenessClamp" name="test_days_invalid_returns_422" time="0.093" /><testcase classname="tests.test_iter20_marketing_effectiveness.TestEffectivenessClamp" name="test_days_7_window" time="0.092" /><testcase classname="tests.test_iter20_marketing_effectiveness.TestEffectivenessConsistency" name="test_in_window_le_total" time="0.090" /><testcase classname="tests.test_iter20_marketing_effectiveness.TestEffectivenessConsistency" name="test_by_platform_sum_le_shares_total" time="0.112" /></testsuite></testsuites>