<?xml version="1.0" encoding="utf-8"?><testsuites name="pytest tests"><testsuite name="pytest" errors="0" failures="1" skipped="1" tests="20" time="14.385" timestamp="2026-04-28T02:34:38.868146+00:00" hostname="agent-env-1bd77720-d8cb-4527-b6de-5944358e0f72"><testcase classname="tests.test_iter7_rate_limit_attribution_templates.TestTemplatesRouter" name="test_list_templates" time="0.119" /><testcase classname="tests.test_iter7_rate_limit_attribution_templates.TestTemplatesRouter" name="test_get_template_inmobiliaria" time="0.092" /><testcase classname="tests.test_iter7_rate_limit_attribution_templates.TestTemplatesRouter" name="test_get_template_not_found" time="0.075" /><testcase classname="tests.test_iter7_rate_limit_attribution_templates.TestRateLimitTrack" name="test_under_limit_ok" time="2.145" /><testcase classname="tests.test_iter7_rate_limit_attribution_templates.TestRateLimitTrack" name="test_over_limit_429" time="3.546" /><testcase classname="tests.test_iter7_rate_limit_attribution_templates.TestRateLimitTrack" name="test_independent_buckets" time="5.437" /><testcase classname="tests.test_iter7_rate_limit_attribution_templates.TestLeadAttribution" name="test_attribution_full_flow" time="1.059"><failure message="AssertionError: BUG: source esperado 'widget', got 'whatsapp' (sobreescrito por save_lead)&#10;assert 'whatsapp' == 'widget'&#10;  &#10;  - widget&#10;  + whatsapp">E   AssertionError: BUG: source esperado 'widget', got 'whatsapp' (sobreescrito por save_lead)
    assert 'whatsapp' == 'widget'
      
      - widget
      + whatsapp</failure></testcase><testcase classname="tests.test_iter7_rate_limit_attribution_templates.TestLeadAttribution" name="test_no_attribution_when_no_click" time="0.000"><skipped type="pytest.skip" message="Test de aislamiento omitido - reusa loop del test anterior">/app/backend/tests/test_iter7_rate_limit_attribution_templates.py:176: Test de aislamiento omitido - reusa loop del test anterior</skipped></testcase><testcase classname="tests.test_iter7_rate_limit_attribution_templates.TestWidgetAnalyticsAttribution" name="test_analytics_has_attribution_block" time="0.409" /><testcase classname="tests.test_iter7_rate_limit_attribution_templates.TestRegression" name="test_login" time="0.298" /><testcase classname="tests.test_iter7_rate_limit_attribution_templates.TestRegression" name="test_catalog_public_get" time="0.095" /><testcase classname="tests.test_iter7_rate_limit_attribution_templates.TestRegression" name="test_plans" time="0.093" /><testcase classname="tests.test_iter7_rate_limit_attribution_templates.TestRegression" name="test_widget_js" time="0.098" /><testcase classname="tests.test_iter7_rate_limit_attribution_templates.TestRegression" name="test_track_valid" time="0.073" /><testcase classname="tests.test_iter7_rate_limit_attribution_templates.TestRegression" name="test_track_invalid_tenant" time="0.078" /><testcase classname="tests.test_iter7_rate_limit_attribution_templates.TestRegression" name="test_track_missing_event_type" time="0.072" /><testcase classname="tests.test_iter7_rate_limit_attribution_templates.TestRegression" name="test_leads_list" time="0.094" /><testcase classname="tests.test_iter7_rate_limit_attribution_templates.TestRegression" name="test_metrics" time="0.075" /><testcase classname="tests.test_iter7_rate_limit_attribution_templates.TestRegression" name="test_superadmin_login_and_metrics" time="0.380" /><testcase classname="tests.test_iter7_rate_limit_attribution_templates.TestRegression" name="test_webhook_get_verify" time="0.076" /></testsuite></testsuites>