<?xml version="1.0" encoding="utf-8"?><testsuites name="pytest tests"><testsuite name="pytest" errors="0" failures="0" skipped="0" tests="9" time="2.128" timestamp="2026-04-28T23:10:44.726027+00:00" hostname="agent-env-1bd77720-d8cb-4527-b6de-5944358e0f72"><testcase classname="tests.test_iter17_lifespan_share" name="test_lifespan_no_on_event_warnings" time="0.002" /><testcase classname="tests.test_iter17_lifespan_share" name="test_health" time="0.248" /><testcase classname="tests.test_iter17_lifespan_share" name="test_run_coach_creates_nudge_with_bson_datetime" time="0.453" /><testcase classname="tests.test_iter17_lifespan_share" name="test_celebrations_cache_ttl" time="0.285" /><testcase classname="tests.test_iter17_lifespan_share" name="test_share_endpoint_basic" time="0.188" /><testcase classname="tests.test_iter17_lifespan_share" name="test_share_endpoint_increments_counters" time="0.363" /><testcase classname="tests.test_iter17_lifespan_share" name="test_share_endpoint_404" time="0.097" /><testcase classname="tests.test_iter17_lifespan_share" name="test_share_endpoint_audit_log" time="0.188" /><testcase classname="tests.test_iter17_lifespan_share" name="test_share_endpoint_platform_whitelist" time="0.199" /></testsuite></testsuites>