<?xml version="1.0" encoding="utf-8"?><testsuites name="pytest tests"><testsuite name="pytest" errors="0" failures="0" skipped="0" tests="23" time="4.703" timestamp="2026-04-28T15:02:13.995927+00:00" hostname="agent-env-1bd77720-d8cb-4527-b6de-5944358e0f72"><testcase classname="backend.tests.test_iter11_onboarding_uploads_ratelimit.TestAIRateLimit" name="test_fresh_tenant_can_make_5_calls_then_429" time="0.974" /><testcase classname="backend.tests.test_iter11_onboarding_uploads_ratelimit.TestAIRateLimit" name="test_rate_limit_bucket_is_per_tenant" time="0.410" /><testcase classname="backend.tests.test_iter11_onboarding_uploads_ratelimit.TestLogoUpload" name="test_no_file_returns_422" time="0.095" /><testcase classname="backend.tests.test_iter11_onboarding_uploads_ratelimit.TestLogoUpload" name="test_txt_file_returns_400" time="0.211" /><testcase classname="backend.tests.test_iter11_onboarding_uploads_ratelimit.TestLogoUpload" name="test_png_upload_returns_200" time="0.111" /><testcase classname="backend.tests.test_iter11_onboarding_uploads_ratelimit.TestLogoUpload" name="test_oversize_returns_413" time="0.188" /><testcase classname="backend.tests.test_iter11_onboarding_uploads_ratelimit.TestLogoUpload" name="test_serve_uploaded_logo_returns_image" time="0.112" /><testcase classname="backend.tests.test_iter11_onboarding_uploads_ratelimit.TestLogoUpload" name="test_path_traversal_returns_400" time="0.090" /><testcase classname="backend.tests.test_iter11_onboarding_uploads_ratelimit.TestLogoUpload" name="test_invalid_filename_returns_400" time="0.089" /><testcase classname="backend.tests.test_iter11_onboarding_uploads_ratelimit.TestLogoUpload" name="test_nonexistent_file_returns_404" time="0.099" /><testcase classname="backend.tests.test_iter11_onboarding_uploads_ratelimit.TestOnboarding" name="test_suggest_tenant_id" time="0.103" /><testcase classname="backend.tests.test_iter11_onboarding_uploads_ratelimit.TestOnboarding" name="test_suggest_empty_business_name_returns_400" time="0.108" /><testcase classname="backend.tests.test_iter11_onboarding_uploads_ratelimit.TestOnboarding" name="test_suggest_existing_tenant_appends_suffix" time="0.090" /><testcase classname="backend.tests.test_iter11_onboarding_uploads_ratelimit.TestOnboarding" name="test_auto_setup_creates_tenant_user_products" time="0.719" /><testcase classname="backend.tests.test_iter11_onboarding_uploads_ratelimit.TestOnboarding" name="test_auto_setup_template_pizza_detects_restaurante" time="0.336" /><testcase classname="backend.tests.test_iter11_onboarding_uploads_ratelimit.TestOnboarding" name="test_auto_setup_template_inmobiliaria" time="0.332" /><testcase classname="backend.tests.test_iter11_onboarding_uploads_ratelimit.TestOnboarding" name="test_auto_setup_duplicate_email_returns_409" time="0.086" /><testcase classname="backend.tests.test_iter11_onboarding_uploads_ratelimit.TestOnboarding" name="test_auto_setup_short_password_returns_400" time="0.080" /><testcase classname="backend.tests.test_iter11_onboarding_uploads_ratelimit.TestOnboarding" name="test_auto_setup_invalid_email_returns_400" time="0.085" /><testcase classname="backend.tests.test_iter11_onboarding_uploads_ratelimit.TestRegression" name="test_login_demo_works" time="0.000" /><testcase classname="backend.tests.test_iter11_onboarding_uploads_ratelimit.TestRegression" name="test_catalog_list_works" time="0.109" /><testcase classname="backend.tests.test_iter11_onboarding_uploads_ratelimit.TestRegression" name="test_public_catalog_demo" time="0.098" /><testcase classname="backend.tests.test_iter11_onboarding_uploads_ratelimit.TestRegression" name="test_branding_get" time="0.094" /></testsuite></testsuites>