<?xml version="1.0" encoding="utf-8"?><testsuites name="pytest tests"><testsuite name="pytest" errors="0" failures="0" skipped="0" tests="12" time="3.135" timestamp="2026-04-28T23:48:26.662728+00:00" hostname="agent-env-1bd77720-d8cb-4527-b6de-5944358e0f72"><testcase classname="backend.tests.test_iter18_public_share_og" name="test_png_returns_image_with_etag_and_cache" time="1.590" /><testcase classname="backend.tests.test_iter18_public_share_og" name="test_png_no_auth_required" time="0.106" /><testcase classname="backend.tests.test_iter18_public_share_og" name="test_png_etag_conditional_get_304" time="0.178" /><testcase classname="backend.tests.test_iter18_public_share_og" name="test_png_cache_returns_same_etag" time="0.164" /><testcase classname="backend.tests.test_iter18_public_share_og" name="test_png_404_for_missing_celebration" time="0.082" /><testcase classname="backend.tests.test_iter18_public_share_og" name="test_png_increments_preview_views" time="0.183" /><testcase classname="backend.tests.test_iter18_public_share_og" name="test_html_meta_tags_contain_og_and_twitter" time="0.084" /><testcase classname="backend.tests.test_iter18_public_share_og" name="test_html_uses_x_forwarded_host" time="0.083" /><testcase classname="backend.tests.test_iter18_public_share_og" name="test_html_no_emoji_in_title" time="0.104" /><testcase classname="backend.tests.test_iter18_public_share_og" name="test_html_404_for_missing_celebration" time="0.088" /><testcase classname="backend.tests.test_iter18_public_share_og" name="test_html_increments_html_views" time="0.253" /><testcase classname="backend.tests.test_iter18_public_share_og" name="test_share_endpoint_returns_tenant_id_in_card_data" time="0.097" /></testsuite></testsuites>