<?xml version="1.0" encoding="utf-8"?><testsuites name="pytest tests"><testsuite name="pytest" errors="0" failures="0" skipped="0" tests="23" time="2.078" timestamp="2026-04-29T16:15:09.648550+00:00" hostname="agent-env-1bd77720-d8cb-4527-b6de-5944358e0f72"><testcase classname="tests.test_iter23_stripe_coupons.TestCodeGenerator" name="test_format_correct" time="0.009" /><testcase classname="tests.test_iter23_stripe_coupons.TestCodeGenerator" name="test_no_confusing_chars" time="0.002" /><testcase classname="tests.test_iter23_stripe_coupons.TestCodeGenerator" name="test_short_tenant_id" time="0.000" /><testcase classname="tests.test_iter23_stripe_coupons.TestCodeGenerator" name="test_empty_tenant_id_fallback" time="0.000" /><testcase classname="tests.test_iter23_stripe_coupons.TestGetOrCreateCode" name="test_creates_new_code" time="0.014" /><testcase classname="tests.test_iter23_stripe_coupons.TestGetOrCreateCode" name="test_idempotent" time="0.012" /><testcase classname="tests.test_iter23_stripe_coupons.TestGetOrCreateCode" name="test_tenant_not_found" time="0.003" /><testcase classname="tests.test_iter23_stripe_coupons.TestGetOrCreateCode" name="test_stripe_creation_skipped_without_key" time="0.016" /><testcase classname="tests.test_iter23_stripe_coupons.TestFindReferrerByPromoCode" name="test_resolves_active_tenant" time="0.008" /><testcase classname="tests.test_iter23_stripe_coupons.TestFindReferrerByPromoCode" name="test_inactive_tenant_returns_none" time="0.008" /><testcase classname="tests.test_iter23_stripe_coupons.TestFindReferrerByPromoCode" name="test_unknown_code" time="0.003" /><testcase classname="tests.test_iter23_stripe_coupons.TestFindReferrerByPromoCode" name="test_empty_code" time="0.001" /><testcase classname="tests.test_iter23_stripe_coupons.TestPromoCodeEndpoint" name="test_requires_admin" time="0.409" /><testcase classname="tests.test_iter23_stripe_coupons.TestPromoCodeEndpoint" name="test_returns_code_for_admin" time="0.544" /><testcase classname="tests.test_iter23_stripe_coupons.TestPromoCodeEndpoint" name="test_idempotent_endpoint" time="0.174" /><testcase classname="tests.test_iter23_stripe_coupons.TestPromoCodeEndpoint" name="test_summary_includes_promo_code" time="0.082" /><testcase classname="tests.test_iter23_stripe_coupons.TestResolvePromoPublic" name="test_resolve_valid_code" time="0.193" /><testcase classname="tests.test_iter23_stripe_coupons.TestResolvePromoPublic" name="test_resolve_invalid_code" time="0.111" /><testcase classname="tests.test_iter23_stripe_coupons.TestResolvePromoPublic" name="test_resolve_empty_code_400" time="0.085" /><testcase classname="tests.test_iter23_stripe_coupons.TestResolvePromoPublic" name="test_resolve_too_long_code_400" time="0.088" /><testcase classname="tests.test_iter23_stripe_coupons.TestResolvePromoPublic" name="test_resolve_lowercase_normalized" time="0.184" /><testcase classname="tests.test_iter23_stripe_coupons.TestWebhookPromoAttribution" name="test_attribute_via_promo_metadata" time="0.012" /><testcase classname="tests.test_iter23_stripe_coupons.TestWebhookPromoAttribution" name="test_attribute_skipped_if_already_referred" time="0.009" /></testsuite></testsuites>