<?xml version="1.0" encoding="utf-8"?><testsuites name="pytest tests"><testsuite name="pytest" errors="0" failures="0" skipped="0" tests="10" time="3.368" timestamp="2026-04-28T16:27:26.817098+00:00" hostname="agent-env-1bd77720-d8cb-4527-b6de-5944358e0f72"><testcase classname="tests.test_iter15_coach_cache.TestCoachRun" name="test_run_creates_at_least_whatsapp_nudge" time="0.717" /><testcase classname="tests.test_iter15_coach_cache.TestCoachRun" name="test_run_idempotent_second_call_creates_zero" time="0.117" /><testcase classname="tests.test_iter15_coach_cache.TestCoachRun" name="test_get_nudges_includes_whatsapp_unconfigured" time="0.078" /><testcase classname="tests.test_iter15_coach_cache.TestCoachRun" name="test_dismiss_then_recreate_on_run" time="0.498" /><testcase classname="tests.test_iter15_coach_cache.TestCoachRun" name="test_dismiss_nonexistent_returns_404" time="0.109" /><testcase classname="tests.test_iter15_coach_cache.TestCoachRun" name="test_dismiss_already_dismissed_returns_404" time="0.315" /><testcase classname="tests.test_iter15_coach_cache.TestCacheUtil" name="test_ttl_expiration" time="1.201" /><testcase classname="tests.test_iter15_coach_cache.TestCacheUtil" name="test_ttl_invalidate" time="0.000" /><testcase classname="tests.test_iter15_coach_cache.TestFlowAITruncate" name="test_max_ops_preview_is_20" time="0.275" /><testcase classname="tests.test_iter15_coach_cache.TestRoutesDoc" name="test_routes_md_documents_branding" time="0.000" /></testsuite></testsuites>