<?xml version="1.0" encoding="utf-8"?><testsuites name="pytest tests"><testsuite name="pytest" errors="0" failures="0" skipped="0" tests="5" time="15.076" timestamp="2026-05-03T16:40:48.583707+00:00" hostname="agent-env-1bd77720-d8cb-4527-b6de-5944358e0f72"><testcase classname="tests.test_iter45_embeddings_live" name="test_embeddings_status" time="9.356" /><testcase classname="tests.test_iter45_embeddings_live" name="test_backfill_idempotent" time="0.690" /><testcase classname="tests.test_iter45_embeddings_live" name="test_create_learned_response_with_embedding" time="0.816" /><testcase classname="tests.test_iter45_embeddings_live" name="test_agent_suggestions_paraphrase_match" time="3.623" /><testcase classname="tests.test_iter45_embeddings_live" name="test_agent_suggestions_unrelated_no_false_positives" time="0.547" /></testsuite></testsuites>