<?xml version="1.0" encoding="utf-8"?><testsuites name="pytest tests"><testsuite name="pytest" errors="0" failures="0" skipped="1" tests="10" time="7.544" timestamp="2026-05-04T00:52:00.032082+00:00" hostname="agent-env-1bd77720-d8cb-4527-b6de-5944358e0f72"><testcase classname="backend.tests.test_iter49_google_calendar.TestCalendarStatus" name="test_status_disconnected" time="4.634" /><testcase classname="backend.tests.test_iter49_google_calendar.TestOauthStart" name="test_admin_returns_authorization_url" time="0.306" /><testcase classname="backend.tests.test_iter49_google_calendar.TestOauthStart" name="test_no_auth_unauthorized" time="0.110" /><testcase classname="backend.tests.test_iter49_google_calendar.TestOauthStart" name="test_asesor_forbidden" time="0.212"><skipped type="pytest.skip" message="Could not create asesor user: 404/401">/app/backend/tests/test_iter49_google_calendar.py:103: Could not create asesor user: 404/401</skipped></testcase><testcase classname="backend.tests.test_iter49_google_calendar.TestOauthCallback" name="test_callback_no_params_redirects_error" time="0.097" /><testcase classname="backend.tests.test_iter49_google_calendar.TestOauthCallback" name="test_callback_invalid_state_redirects_error" time="0.304" /><testcase classname="backend.tests.test_iter49_google_calendar.TestOauthCallback" name="test_callback_explicit_error_param" time="0.083" /><testcase classname="backend.tests.test_iter49_google_calendar.TestEventsWithoutConnection" name="test_get_events_without_connection_400" time="0.573" /><testcase classname="backend.tests.test_iter49_google_calendar.TestEventsWithoutConnection" name="test_post_event_without_connection_400" time="0.588" /><testcase classname="backend.tests.test_iter49_google_calendar.TestDisconnect" name="test_disconnect_idempotent" time="0.583" /></testsuite></testsuites>