<?xml version="1.0" encoding="utf-8"?><testsuites name="pytest tests"><testsuite name="pytest" errors="0" failures="0" skipped="0" tests="29" time="8.613" timestamp="2026-05-04T00:52:50.700054+00:00" hostname="agent-env-1bd77720-d8cb-4527-b6de-5944358e0f72"><testcase classname="backend.tests.test_iter49_google_calendar.TestCalendarStatus" name="test_status_disconnected" time="1.042" /><testcase classname="backend.tests.test_iter49_google_calendar.TestOauthStart" name="test_admin_returns_authorization_url" time="0.312" /><testcase classname="backend.tests.test_iter49_google_calendar.TestOauthStart" name="test_no_auth_unauthorized" time="0.083" /><testcase classname="backend.tests.test_iter49_google_calendar.TestOauthStart" name="test_asesor_forbidden" time="1.539" /><testcase classname="backend.tests.test_iter49_google_calendar.TestOauthCallback" name="test_callback_no_params_redirects_error" time="0.085" /><testcase classname="backend.tests.test_iter49_google_calendar.TestOauthCallback" name="test_callback_invalid_state_redirects_error" time="0.282" /><testcase classname="backend.tests.test_iter49_google_calendar.TestOauthCallback" name="test_callback_explicit_error_param" time="0.119" /><testcase classname="backend.tests.test_iter49_google_calendar.TestEventsWithoutConnection" name="test_get_events_without_connection_400" time="0.566" /><testcase classname="backend.tests.test_iter49_google_calendar.TestEventsWithoutConnection" name="test_post_event_without_connection_400" time="0.563" /><testcase classname="backend.tests.test_iter49_google_calendar.TestDisconnect" name="test_disconnect_idempotent" time="0.617" /><testcase classname="backend.tests.test_iter45_embeddings" name="test_embedding_service_loads_model" time="1.168" /><testcase classname="backend.tests.test_iter45_embeddings" name="test_embedding_empty_input_returns_none" time="0.001" /><testcase classname="backend.tests.test_iter45_embeddings" name="test_embed_batch_preserves_order_and_handles_empty" time="0.021" /><testcase classname="backend.tests.test_iter45_embeddings" name="test_cosine_similarity_paraphrase_higher_than_unrelated" time="0.197" /><testcase classname="backend.tests.test_iter45_embeddings" name="test_cosine_edge_cases" time="0.000" /><testcase classname="backend.tests.test_iter45_embeddings" name="test_save_learned_response_includes_embedding" time="0.005" /><testcase classname="backend.tests.test_iter45_embeddings" name="test_find_learned_answer_uses_embedding_for_paraphrase" time="0.007" /><testcase classname="backend.tests.test_iter45_embeddings" name="test_find_learned_answer_no_match_for_unrelated" time="0.188" /><testcase classname="backend.tests.test_iter45_embeddings" name="test_backfill_embeddings" time="0.098" /><testcase classname="backend.tests.test_iter45_embeddings" name="test_find_agent_suggestions_combines_learned_and_history" time="0.101" /><testcase classname="backend.tests.test_iter45_embeddings" name="test_coaching_recommends_teach_when_demand_and_not_yet_taught" time="0.110" /><testcase classname="backend.tests.test_iter45_embeddings" name="test_coaching_already_taught_when_learned_response_matches" time="0.101" /><testcase classname="backend.tests.test_iter45_embeddings" name="test_coaching_not_enough_when_low_demand" time="0.100" /><testcase classname="backend.tests.test_iter45_embeddings" name="test_coaching_excludes_current_lead" time="0.007" /><testcase classname="backend.tests.test_iter45_embeddings" name="test_discover_clusters_uncovered_questions_by_topic" time="0.391" /><testcase classname="backend.tests.test_iter45_embeddings" name="test_discover_excludes_already_taught_topics" time="0.300" /><testcase classname="backend.tests.test_iter45_embeddings" name="test_discover_empty_when_no_conversations" time="0.005" /><testcase classname="backend.tests.test_iter45_embeddings" name="test_discover_respects_min_cluster_size" time="0.097" /><testcase classname="backend.tests.test_iter45_embeddings" name="test_discover_detects_rising_trend" time="0.296" /></testsuite></testsuites>