<?xml version="1.0" encoding="utf-8"?><testsuites name="pytest tests"><testsuite name="pytest" errors="0" failures="1" skipped="0" tests="12" time="1.978" timestamp="2026-04-29T03:13:33.418079+00:00" hostname="agent-env-1bd77720-d8cb-4527-b6de-5944358e0f72"><testcase classname="tests.test_iter20_marketing_effectiveness.TestEffectivenessAuth" name="test_no_auth_returns_401_or_403" time="0.255" /><testcase classname="tests.test_iter20_marketing_effectiveness.TestEffectivenessStructure" name="test_default_structure" time="0.512" /><testcase classname="tests.test_iter20_marketing_effectiveness.TestEffectivenessStructure" name="test_funnel_rates_no_division_by_zero" time="0.208" /><testcase classname="tests.test_iter20_marketing_effectiveness.TestEffectivenessStructure" name="test_top_celebrations_fields" time="0.078" /><testcase classname="tests.test_iter20_marketing_effectiveness.TestEffectivenessStructure" name="test_timeseries_sorted_and_keys" time="0.127" /><testcase classname="tests.test_iter20_marketing_effectiveness.TestEffectivenessClamp" name="test_days_clamped_to_max_90" time="0.106" /><testcase classname="tests.test_iter20_marketing_effectiveness.TestEffectivenessClamp" name="test_days_clamped_to_min_1" time="0.089"><failure message="assert 30 == 1">tests/test_iter20_marketing_effectiveness.py:104: in test_days_clamped_to_min_1
    assert r.json()["window_days"] == 1
E   assert 30 == 1</failure></testcase><testcase classname="tests.test_iter20_marketing_effectiveness.TestEffectivenessClamp" name="test_days_negative_clamped_to_min_1" time="0.120" /><testcase classname="tests.test_iter20_marketing_effectiveness.TestEffectivenessClamp" name="test_days_invalid_returns_422" time="0.100" /><testcase classname="tests.test_iter20_marketing_effectiveness.TestEffectivenessClamp" name="test_days_7_window" time="0.129" /><testcase classname="tests.test_iter20_marketing_effectiveness.TestEffectivenessConsistency" name="test_in_window_le_total" time="0.096" /><testcase classname="tests.test_iter20_marketing_effectiveness.TestEffectivenessConsistency" name="test_by_platform_sum_le_shares_total" time="0.098" /></testsuite></testsuites>