<?xml version="1.0" encoding="utf-8"?><testsuites name="pytest tests"><testsuite name="pytest" errors="0" failures="0" skipped="0" tests="16" time="39.681" timestamp="2026-05-01T01:28:15.383548+00:00" hostname="agent-env-1bd77720-d8cb-4527-b6de-5944358e0f72"><testcase classname="tests.test_iter31_smart_substitution" name="test_set_stock_to_zero_marks_out_of_stock" time="3.327" /><testcase classname="tests.test_iter31_smart_substitution" name="test_set_stock_positive_reactivates" time="2.771" /><testcase classname="tests.test_iter31_smart_substitution" name="test_set_stock_null_means_no_tracking" time="2.204" /><testcase classname="tests.test_iter31_smart_substitution" name="test_set_stock_invalid_type_400" time="1.824" /><testcase classname="tests.test_iter31_smart_substitution" name="test_set_stock_404_for_nonexistent" time="0.281" /><testcase classname="tests.test_iter31_smart_substitution" name="test_set_substitutes_valid" time="2.474" /><testcase classname="tests.test_iter31_smart_substitution" name="test_set_substitutes_rejects_unknown_id" time="2.071" /><testcase classname="tests.test_iter31_smart_substitution" name="test_set_substitutes_rejects_non_array" time="1.807" /><testcase classname="tests.test_iter31_smart_substitution" name="test_set_substitutes_max_10" time="1.896" /><testcase classname="tests.test_iter31_smart_substitution" name="test_preview_by_query_detects_out_of_stock" time="2.675" /><testcase classname="tests.test_iter31_smart_substitution" name="test_preview_no_match_returns_null" time="2.002" /><testcase classname="tests.test_iter31_smart_substitution" name="test_preview_by_product_id_when_out_of_stock" time="2.699" /><testcase classname="tests.test_iter31_smart_substitution" name="test_preview_by_product_id_when_available_returns_null" time="2.014" /><testcase classname="tests.test_iter31_smart_substitution" name="test_manual_substitutes_take_priority" time="3.597" /><testcase classname="tests.test_iter31_smart_substitution" name="test_message_built_correctly_single_substitute" time="5.742" /><testcase classname="tests.test_iter31_smart_substitution" name="test_availability_status_low_stock" time="2.193" /></testsuite></testsuites>