<?xml version="1.0" encoding="utf-8"?><testsuites name="pytest tests"><testsuite name="pytest" errors="0" failures="0" skipped="0" tests="20" time="2.777" timestamp="2026-04-29T16:51:40.040019+00:00" hostname="agent-env-1bd77720-d8cb-4527-b6de-5944358e0f72"><testcase classname="tests.test_iter24_feature_flags.TestHelperFunctions" name="test_has_feature_returns_default_when_no_override" time="0.015" /><testcase classname="tests.test_iter24_feature_flags.TestHelperFunctions" name="test_has_feature_with_truthy_override" time="0.004" /><testcase classname="tests.test_iter24_feature_flags.TestHelperFunctions" name="test_has_feature_with_dict_override" time="0.004" /><testcase classname="tests.test_iter24_feature_flags.TestHelperFunctions" name="test_has_feature_with_dict_disabled" time="0.004" /><testcase classname="tests.test_iter24_feature_flags.TestHelperFunctions" name="test_has_feature_unknown_returns_false" time="0.003" /><testcase classname="tests.test_iter24_feature_flags.TestHelperFunctions" name="test_get_tenant_features_returns_all_keys" time="0.003" /><testcase classname="tests.test_iter24_feature_flags.TestRegistryEndpoint" name="test_requires_superadmin" time="0.620" /><testcase classname="tests.test_iter24_feature_flags.TestRegistryEndpoint" name="test_no_auth_blocked" time="0.228" /><testcase classname="tests.test_iter24_feature_flags.TestRegistryEndpoint" name="test_returns_registry" time="0.419" /><testcase classname="tests.test_iter24_feature_flags.TestTenantFeaturesEndpoint" name="test_get_requires_superadmin" time="0.092" /><testcase classname="tests.test_iter24_feature_flags.TestTenantFeaturesEndpoint" name="test_get_returns_state" time="0.105" /><testcase classname="tests.test_iter24_feature_flags.TestTenantFeaturesEndpoint" name="test_get_unknown_tenant_404" time="0.086" /><testcase classname="tests.test_iter24_feature_flags.TestUpdateFlagEndpoint" name="test_put_requires_superadmin" time="0.093" /><testcase classname="tests.test_iter24_feature_flags.TestUpdateFlagEndpoint" name="test_enable_flag" time="0.128" /><testcase classname="tests.test_iter24_feature_flags.TestUpdateFlagEndpoint" name="test_disable_flag" time="0.217" /><testcase classname="tests.test_iter24_feature_flags.TestUpdateFlagEndpoint" name="test_unknown_feature_400" time="0.102" /><testcase classname="tests.test_iter24_feature_flags.TestUpdateFlagEndpoint" name="test_unknown_tenant_404" time="0.114" /><testcase classname="tests.test_iter24_feature_flags.TestUpdateFlagEndpoint" name="test_audit_log_written" time="0.105" /><testcase classname="tests.test_iter24_feature_flags.TestBrandingIncludesFeatures" name="test_branding_returns_features" time="0.102" /><testcase classname="tests.test_iter24_feature_flags.TestBrandingIncludesFeatures" name="test_enabling_flag_reflects_in_branding" time="0.223" /></testsuite></testsuites>