<?xml version="1.0" encoding="utf-8"?><testsuites name="pytest tests"><testsuite name="pytest" errors="0" failures="1" skipped="0" tests="22" time="22.615" timestamp="2026-02-04T03:16:05.706647+00:00" hostname="agent-env-0667b598-2912-4f15-847a-1287cc467d49"><testcase classname="tests.test_auth_and_metrics.TestHealthCheck" name="test_api_root" time="0.475" /><testcase classname="tests.test_auth_and_metrics.TestAuthentication" name="test_admin_login_success" time="1.023" /><testcase classname="tests.test_auth_and_metrics.TestAuthentication" name="test_asesor_login_success" time="0.672" /><testcase classname="tests.test_auth_and_metrics.TestAuthentication" name="test_login_invalid_credentials" time="0.443" /><testcase classname="tests.test_auth_and_metrics.TestAuthentication" name="test_login_invalid_password" time="0.562" /><testcase classname="tests.test_auth_and_metrics.TestAuthMe" name="test_auth_me_admin" time="1.118" /><testcase classname="tests.test_auth_and_metrics.TestAuthMe" name="test_auth_me_asesor" time="1.683" /><testcase classname="tests.test_auth_and_metrics.TestAuthMe" name="test_auth_me_without_token" time="0.656" /><testcase classname="tests.test_auth_and_metrics.TestAuthMe" name="test_auth_me_invalid_token" time="0.442" /><testcase classname="tests.test_auth_and_metrics.TestAgentsManagement" name="test_list_agents_admin" time="1.015" /><testcase classname="tests.test_auth_and_metrics.TestAgentsManagement" name="test_list_agents_asesor_limited" time="1.341" /><testcase classname="tests.test_auth_and_metrics.TestMetrics" name="test_all_agents_metrics_admin" time="0.911" /><testcase classname="tests.test_auth_and_metrics.TestMetrics" name="test_all_agents_metrics_forbidden_for_asesor" time="1.342" /><testcase classname="tests.test_auth_and_metrics.TestMetrics" name="test_own_agent_metrics_asesor" time="1.333" /><testcase classname="tests.test_auth_and_metrics.TestMetrics" name="test_other_agent_metrics_forbidden_for_asesor" time="1.332" /><testcase classname="tests.test_auth_and_metrics.TestMetrics" name="test_daily_goals" time="1.116" /><testcase classname="tests.test_auth_and_metrics.TestLeads" name="test_leads_stats" time="0.468" /><testcase classname="tests.test_auth_and_metrics.TestLeads" name="test_get_all_leads" time="0.456" /><testcase classname="tests.test_auth_and_metrics.TestLeads" name="test_my_leads_asesor" time="1.334"><failure message="AssertionError: My leads failed: {&quot;detail&quot;:&quot;Lead no encontrado&quot;}&#10;assert 404 == 200&#10; +  where 404 = &lt;Response [404]&gt;.status_code">tests/test_auth_and_metrics.py:331: in test_my_leads_asesor
    assert response.status_code == 200, f"My leads failed: {response.text}"
E   AssertionError: My leads failed: {"detail":"Lead no encontrado"}
E   assert 404 == 200
E    +  where 404 = &lt;Response [404]&gt;.status_code</failure></testcase><testcase classname="tests.test_auth_and_metrics.TestNotifications" name="test_upcoming_appointments" time="1.429" /><testcase classname="tests.test_auth_and_metrics.TestNotifications" name="test_inactive_leads" time="1.439" /><testcase classname="tests.test_auth_and_metrics.TestAgentCRUD" name="test_create_and_delete_agent" time="1.932" /></testsuite></testsuites>