<?xml version="1.0" encoding="utf-8"?><testsuites name="pytest tests"><testsuite name="pytest" errors="0" failures="0" skipped="0" tests="14" time="13.720" timestamp="2026-02-10T12:20:00.089295+00:00" hostname="agent-env-3b2919d8-8f38-42a7-9ddd-c61b25043e16"><testcase classname="tests.test_new_features.TestAuth" name="test_admin_login" time="2.608" /><testcase classname="tests.test_new_features.TestAuditLog" name="test_get_audit_log" time="1.407" /><testcase classname="tests.test_new_features.TestAuditLog" name="test_audit_log_requires_auth" time="0.339" /><testcase classname="tests.test_new_features.TestAuditLog" name="test_audit_log_with_filter" time="0.657" /><testcase classname="tests.test_new_features.TestAuditLog" name="test_audit_log_entry_structure" time="0.655" /><testcase classname="tests.test_new_features.TestBroadcast" name="test_get_broadcast_history" time="1.594" /><testcase classname="tests.test_new_features.TestBroadcast" name="test_broadcast_history_requires_auth" time="0.447" /><testcase classname="tests.test_new_features.TestBroadcast" name="test_send_broadcast" time="1.052" /><testcase classname="tests.test_new_features.TestBroadcast" name="test_broadcast_requires_auth" time="0.348" /><testcase classname="tests.test_new_features.TestBulkActions" name="test_bulk_action_tag" time="1.712" /><testcase classname="tests.test_new_features.TestBulkActions" name="test_bulk_action_status" time="0.768" /><testcase classname="tests.test_new_features.TestBulkActions" name="test_bulk_action_requires_auth" time="0.340" /><testcase classname="tests.test_new_features.TestBulkActions" name="test_bulk_action_logs_audit" time="1.388" /><testcase classname="tests.test_new_features.TestNavigation" name="test_api_root" time="0.340" /></testsuite></testsuites>