<?xml version="1.0" encoding="utf-8"?><testsuites name="pytest tests"><testsuite name="pytest" errors="0" failures="1" skipped="0" tests="22" time="3.608" timestamp="2026-04-28T02:16:54.655563+00:00" hostname="agent-env-1bd77720-d8cb-4527-b6de-5944358e0f72"><testcase classname="backend.tests.test_widget_and_superadmin.TestWidgetTracking" name="test_track_view" time="0.234" /><testcase classname="backend.tests.test_widget_and_superadmin.TestWidgetTracking" name="test_track_click_product" time="0.079" /><testcase classname="backend.tests.test_widget_and_superadmin.TestWidgetTracking" name="test_track_click_whatsapp" time="0.081" /><testcase classname="backend.tests.test_widget_and_superadmin.TestWidgetTracking" name="test_track_ai_search" time="0.103" /><testcase classname="backend.tests.test_widget_and_superadmin.TestWidgetTracking" name="test_track_lead_generated" time="0.070" /><testcase classname="backend.tests.test_widget_and_superadmin.TestWidgetTracking" name="test_track_invalid_event" time="0.194" /><testcase classname="backend.tests.test_widget_and_superadmin.TestWidgetTracking" name="test_track_tenant_not_found" time="0.083" /><testcase classname="backend.tests.test_widget_and_superadmin.TestWidgetAnalytics" name="test_analytics_default_days" time="0.415" /><testcase classname="backend.tests.test_widget_and_superadmin.TestWidgetAnalytics" name="test_analytics_7_days" time="0.100" /><testcase classname="backend.tests.test_widget_and_superadmin.TestWidgetAnalytics" name="test_analytics_requires_auth" time="0.067" /><testcase classname="backend.tests.test_widget_and_superadmin.TestWidgetJs" name="test_widget_js_content" time="0.085" /><testcase classname="backend.tests.test_widget_and_superadmin.TestWidgetJs" name="test_widget_js_tenant_independent" time="0.073" /><testcase classname="backend.tests.test_widget_and_superadmin.TestSuperAdminMetrics" name="test_metrics_requires_superadmin" time="0.073" /><testcase classname="backend.tests.test_widget_and_superadmin.TestSuperAdminMetrics" name="test_metrics_superadmin" time="0.397" /><testcase classname="backend.tests.test_widget_and_superadmin.TestSuperAdminMetrics" name="test_tenants_usage" time="0.111" /><testcase classname="backend.tests.test_widget_and_superadmin.TestSuperAdminMetrics" name="test_tenants_usage_forbidden_for_admin" time="0.073" /><testcase classname="backend.tests.test_widget_and_superadmin.TestSuperAdminMetrics" name="test_global_widget_analytics" time="0.079" /><testcase classname="backend.tests.test_widget_and_superadmin.TestSuperAdminMetrics" name="test_global_widget_analytics_forbidden" time="0.076" /><testcase classname="backend.tests.test_widget_and_superadmin.TestRegression" name="test_public_catalog" time="0.080" /><testcase classname="backend.tests.test_widget_and_superadmin.TestRegression" name="test_billing_plans" time="0.078"><failure message="assert 404 == 200&#10; +  where 404 = &lt;Response [404]&gt;.status_code">backend/tests/test_widget_and_superadmin.py:176: in test_billing_plans
    assert r.status_code == 200
E   assert 404 == 200
E    +  where 404 = &lt;Response [404]&gt;.status_code</failure></testcase><testcase classname="backend.tests.test_widget_and_superadmin.TestRegression" name="test_stats_summary" time="0.087" /><testcase classname="backend.tests.test_widget_and_superadmin.TestRegression" name="test_flood_tracking_does_not_break" time="0.882" /></testsuite></testsuites>